{"/Users/macbookpro/Documents/hacktiv8/javascript/tugas/phase2/week 3/day 1/IP-HCK65/server/app.js": {"path":"/Users/macbookpro/Documents/hacktiv8/javascript/tugas/phase2/week 3/day 1/IP-HCK65/server/app.js","statementMap":{"0":{"start":{"line":1,"column":0},"end":{"line":3,"column":1}},"1":{"start":{"line":2,"column":4},"end":{"line":2,"column":31}},"2":{"start":{"line":5,"column":16},"end":{"line":5,"column":34}},"3":{"start":{"line":6,"column":13},"end":{"line":6,"column":28}},"4":{"start":{"line":7,"column":21},"end":{"line":7,"column":58}},"5":{"start":{"line":12,"column":20},"end":{"line":12,"column":45}},"6":{"start":{"line":13,"column":20},"end":{"line":13,"column":45}},"7":{"start":{"line":15,"column":12},"end":{"line":15,"column":21}},"8":{"start":{"line":16,"column":0},"end":{"line":16,"column":16}},"9":{"start":{"line":18,"column":0},"end":{"line":18,"column":47}},"10":{"start":{"line":19,"column":0},"end":{"line":19,"column":24}},"11":{"start":{"line":24,"column":0},"end":{"line":24,"column":26}},"12":{"start":{"line":31,"column":0},"end":{"line":31,"column":21}},"13":{"start":{"line":32,"column":0},"end":{"line":32,"column":21}}},"fnMap":{},"branchMap":{"0":{"loc":{"start":{"line":1,"column":0},"end":{"line":3,"column":1}},"type":"if","locations":[{"start":{"line":1,"column":0},"end":{"line":3,"column":1}},{"start":{},"end":{}}],"line":1}},"s":{"0":10,"1":10,"2":10,"3":10,"4":10,"5":10,"6":10,"7":10,"8":10,"9":10,"10":10,"11":10,"12":10,"13":10},"f":{},"b":{"0":[10,0]},"_coverageSchema":"1a1c01bbd47fc00a2c39e90264f33305004495a9","hash":"c5aed9bf33b734e540c46ce75f1b11baf58a78f4"}
,"/Users/macbookpro/Documents/hacktiv8/javascript/tugas/phase2/week 3/day 1/IP-HCK65/server/controllers/authController.js": {"path":"/Users/macbookpro/Documents/hacktiv8/javascript/tugas/phase2/week 3/day 1/IP-HCK65/server/controllers/authController.js","statementMap":{"0":{"start":{"line":1,"column":38},"end":{"line":1,"column":59}},"1":{"start":{"line":2,"column":40},"end":{"line":2,"column":60}},"2":{"start":{"line":3,"column":23},"end":{"line":3,"column":53}},"3":{"start":{"line":4,"column":33},"end":{"line":4,"column":55}},"4":{"start":{"line":6,"column":34},"end":{"line":6,"column":35}},"5":{"start":{"line":7,"column":30},"end":{"line":7,"column":31}},"6":{"start":{"line":12,"column":8},"end":{"line":36,"column":9}},"7":{"start":{"line":13,"column":25},"end":{"line":13,"column":27}},"8":{"start":{"line":14,"column":46},"end":{"line":14,"column":54}},"9":{"start":{"line":15,"column":12},"end":{"line":15,"column":56}},"10":{"start":{"line":15,"column":24},"end":{"line":15,"column":56}},"11":{"start":{"line":16,"column":12},"end":{"line":16,"column":62}},"12":{"start":{"line":16,"column":27},"end":{"line":16,"column":62}},"13":{"start":{"line":17,"column":12},"end":{"line":17,"column":63}},"14":{"start":{"line":17,"column":27},"end":{"line":17,"column":63}},"15":{"start":{"line":19,"column":12},"end":{"line":19,"column":78}},"16":{"start":{"line":19,"column":35},"end":{"line":19,"column":78}},"17":{"start":{"line":21,"column":23},"end":{"line":25,"column":14}},"18":{"start":{"line":26,"column":12},"end":{"line":28,"column":13}},"19":{"start":{"line":27,"column":16},"end":{"line":27,"column":82}},"20":{"start":{"line":29,"column":12},"end":{"line":31,"column":15}},"21":{"start":{"line":33,"column":12},"end":{"line":33,"column":45}},"22":{"start":{"line":35,"column":12},"end":{"line":35,"column":23}},"23":{"start":{"line":40,"column":8},"end":{"line":58,"column":9}},"24":{"start":{"line":41,"column":36},"end":{"line":41,"column":44}},"25":{"start":{"line":42,"column":25},"end":{"line":42,"column":27}},"26":{"start":{"line":43,"column":12},"end":{"line":43,"column":56}},"27":{"start":{"line":43,"column":24},"end":{"line":43,"column":56}},"28":{"start":{"line":44,"column":12},"end":{"line":44,"column":62}},"29":{"start":{"line":44,"column":27},"end":{"line":44,"column":62}},"30":{"start":{"line":45,"column":12},"end":{"line":45,"column":78}},"31":{"start":{"line":45,"column":35},"end":{"line":45,"column":78}},"32":{"start":{"line":47,"column":23},"end":{"line":47,"column":59}},"33":{"start":{"line":48,"column":12},"end":{"line":48,"column":86}},"34":{"start":{"line":48,"column":23},"end":{"line":48,"column":86}},"35":{"start":{"line":50,"column":37},"end":{"line":50,"column":78}},"36":{"start":{"line":51,"column":12},"end":{"line":51,"column":100}},"37":{"start":{"line":51,"column":37},"end":{"line":51,"column":100}},"38":{"start":{"line":53,"column":31},"end":{"line":53,"column":55}},"39":{"start":{"line":55,"column":12},"end":{"line":55,"column":49}},"40":{"start":{"line":57,"column":12},"end":{"line":57,"column":23}},"41":{"start":{"line":62,"column":8},"end":{"line":74,"column":9}},"42":{"start":{"line":63,"column":12},"end":{"line":63,"column":33}},"43":{"start":{"line":64,"column":12},"end":{"line":71,"column":15}},"44":{"start":{"line":73,"column":12},"end":{"line":73,"column":23}},"45":{"start":{"line":79,"column":8},"end":{"line":100,"column":9}},"46":{"start":{"line":80,"column":27},"end":{"line":80,"column":35}},"47":{"start":{"line":81,"column":40},"end":{"line":81,"column":91}},"48":{"start":{"line":83,"column":23},"end":{"line":91,"column":13}},"49":{"start":{"line":93,"column":12},"end":{"line":95,"column":14}},"50":{"start":{"line":97,"column":12},"end":{"line":97,"column":26}},"51":{"start":{"line":99,"column":12},"end":{"line":99,"column":23}},"52":{"start":{"line":104,"column":8},"end":{"line":118,"column":9}},"53":{"start":{"line":105,"column":45},"end":{"line":105,"column":53}},"54":{"start":{"line":107,"column":35},"end":{"line":111,"column":14}},"55":{"start":{"line":113,"column":12},"end":{"line":113,"column":84}},"56":{"start":{"line":115,"column":12},"end":{"line":115,"column":46}},"57":{"start":{"line":117,"column":12},"end":{"line":117,"column":23}},"58":{"start":{"line":123,"column":8},"end":{"line":146,"column":9}},"59":{"start":{"line":124,"column":28},"end":{"line":124,"column":36}},"60":{"start":{"line":125,"column":27},"end":{"line":125,"column":45}},"61":{"start":{"line":126,"column":27},"end":{"line":129,"column":14}},"62":{"start":{"line":130,"column":28},"end":{"line":130,"column":47}},"63":{"start":{"line":132,"column":36},"end":{"line":139,"column":14}},"64":{"start":{"line":141,"column":31},"end":{"line":141,"column":55}},"65":{"start":{"line":143,"column":12},"end":{"line":143,"column":51}},"66":{"start":{"line":145,"column":12},"end":{"line":145,"column":23}},"67":{"start":{"line":150,"column":0},"end":{"line":150,"column":32}}},"fnMap":{"0":{"name":"(anonymous_0)","decl":{"start":{"line":11,"column":4},"end":{"line":11,"column":5}},"loc":{"start":{"line":11,"column":46},"end":{"line":37,"column":5}},"line":11},"1":{"name":"(anonymous_1)","decl":{"start":{"line":39,"column":4},"end":{"line":39,"column":5}},"loc":{"start":{"line":39,"column":43},"end":{"line":59,"column":5}},"line":39},"2":{"name":"(anonymous_2)","decl":{"start":{"line":61,"column":4},"end":{"line":61,"column":5}},"loc":{"start":{"line":61,"column":49},"end":{"line":75,"column":5}},"line":61},"3":{"name":"(anonymous_3)","decl":{"start":{"line":78,"column":4},"end":{"line":78,"column":5}},"loc":{"start":{"line":78,"column":47},"end":{"line":101,"column":5}},"line":78},"4":{"name":"(anonymous_4)","decl":{"start":{"line":103,"column":4},"end":{"line":103,"column":5}},"loc":{"start":{"line":103,"column":54},"end":{"line":119,"column":5}},"line":103},"5":{"name":"(anonymous_5)","decl":{"start":{"line":122,"column":4},"end":{"line":122,"column":5}},"loc":{"start":{"line":122,"column":45},"end":{"line":147,"column":5}},"line":122}},"branchMap":{"0":{"loc":{"start":{"line":15,"column":12},"end":{"line":15,"column":56}},"type":"if","locations":[{"start":{"line":15,"column":12},"end":{"line":15,"column":56}},{"start":{},"end":{}}],"line":15},"1":{"loc":{"start":{"line":16,"column":12},"end":{"line":16,"column":62}},"type":"if","locations":[{"start":{"line":16,"column":12},"end":{"line":16,"column":62}},{"start":{},"end":{}}],"line":16},"2":{"loc":{"start":{"line":17,"column":12},"end":{"line":17,"column":63}},"type":"if","locations":[{"start":{"line":17,"column":12},"end":{"line":17,"column":63}},{"start":{},"end":{}}],"line":17},"3":{"loc":{"start":{"line":19,"column":12},"end":{"line":19,"column":78}},"type":"if","locations":[{"start":{"line":19,"column":12},"end":{"line":19,"column":78}},{"start":{},"end":{}}],"line":19},"4":{"loc":{"start":{"line":26,"column":12},"end":{"line":28,"column":13}},"type":"if","locations":[{"start":{"line":26,"column":12},"end":{"line":28,"column":13}},{"start":{},"end":{}}],"line":26},"5":{"loc":{"start":{"line":43,"column":12},"end":{"line":43,"column":56}},"type":"if","locations":[{"start":{"line":43,"column":12},"end":{"line":43,"column":56}},{"start":{},"end":{}}],"line":43},"6":{"loc":{"start":{"line":44,"column":12},"end":{"line":44,"column":62}},"type":"if","locations":[{"start":{"line":44,"column":12},"end":{"line":44,"column":62}},{"start":{},"end":{}}],"line":44},"7":{"loc":{"start":{"line":45,"column":12},"end":{"line":45,"column":78}},"type":"if","locations":[{"start":{"line":45,"column":12},"end":{"line":45,"column":78}},{"start":{},"end":{}}],"line":45},"8":{"loc":{"start":{"line":48,"column":12},"end":{"line":48,"column":86}},"type":"if","locations":[{"start":{"line":48,"column":12},"end":{"line":48,"column":86}},{"start":{},"end":{}}],"line":48},"9":{"loc":{"start":{"line":51,"column":12},"end":{"line":51,"column":100}},"type":"if","locations":[{"start":{"line":51,"column":12},"end":{"line":51,"column":100}},{"start":{},"end":{}}],"line":51}},"s":{"0":10,"1":10,"2":10,"3":10,"4":10,"5":10,"6":5,"7":5,"8":5,"9":5,"10":2,"11":5,"12":2,"13":5,"14":0,"15":5,"16":4,"17":1,"18":1,"19":1,"20":0,"21":0,"22":5,"23":5,"24":5,"25":5,"26":5,"27":1,"28":5,"29":1,"30":5,"31":2,"32":3,"33":3,"34":1,"35":2,"36":2,"37":1,"38":1,"39":1,"40":4,"41":1,"42":1,"43":1,"44":0,"45":1,"46":1,"47":1,"48":1,"49":1,"50":1,"51":0,"52":0,"53":0,"54":0,"55":0,"56":0,"57":0,"58":0,"59":0,"60":0,"61":0,"62":0,"63":0,"64":0,"65":0,"66":0,"67":10},"f":{"0":5,"1":5,"2":1,"3":1,"4":0,"5":0},"b":{"0":[2,3],"1":[2,3],"2":[0,5],"3":[4,1],"4":[1,0],"5":[1,4],"6":[1,4],"7":[2,3],"8":[1,2],"9":[1,1]},"_coverageSchema":"1a1c01bbd47fc00a2c39e90264f33305004495a9","hash":"09280295b41cc6976a56357d1d8af30cefbe54fe"}
,"/Users/macbookpro/Documents/hacktiv8/javascript/tugas/phase2/week 3/day 1/IP-HCK65/server/controllers/balanceHistoryController.js": {"path":"/Users/macbookpro/Documents/hacktiv8/javascript/tugas/phase2/week 3/day 1/IP-HCK65/server/controllers/balanceHistoryController.js","statementMap":{"0":{"start":{"line":1,"column":31},"end":{"line":1,"column":51}},"1":{"start":{"line":3,"column":34},"end":{"line":3,"column":35}},"2":{"start":{"line":4,"column":30},"end":{"line":4,"column":31}},"3":{"start":{"line":9,"column":8},"end":{"line":18,"column":9}},"4":{"start":{"line":10,"column":35},"end":{"line":14,"column":14}},"5":{"start":{"line":15,"column":12},"end":{"line":15,"column":59}},"6":{"start":{"line":17,"column":12},"end":{"line":17,"column":23}},"7":{"start":{"line":23,"column":8},"end":{"line":44,"column":9}},"8":{"start":{"line":24,"column":26},"end":{"line":24,"column":42}},"9":{"start":{"line":25,"column":12},"end":{"line":25,"column":49}},"10":{"start":{"line":26,"column":12},"end":{"line":26,"column":41}},"11":{"start":{"line":27,"column":29},"end":{"line":27,"column":31}},"12":{"start":{"line":28,"column":12},"end":{"line":30,"column":13}},"13":{"start":{"line":29,"column":16},"end":{"line":29,"column":41}},"14":{"start":{"line":33,"column":35},"end":{"line":38,"column":14}},"15":{"start":{"line":40,"column":12},"end":{"line":40,"column":83}},"16":{"start":{"line":41,"column":12},"end":{"line":41,"column":59}},"17":{"start":{"line":43,"column":12},"end":{"line":43,"column":23}},"18":{"start":{"line":49,"column":0},"end":{"line":49,"column":42}}},"fnMap":{"0":{"name":"(anonymous_0)","decl":{"start":{"line":8,"column":4},"end":{"line":8,"column":5}},"loc":{"start":{"line":8,"column":54},"end":{"line":19,"column":5}},"line":8},"1":{"name":"(anonymous_1)","decl":{"start":{"line":22,"column":4},"end":{"line":22,"column":5}},"loc":{"start":{"line":22,"column":56},"end":{"line":45,"column":5}},"line":22}},"branchMap":{},"s":{"0":10,"1":10,"2":10,"3":1,"4":1,"5":1,"6":0,"7":1,"8":1,"9":1,"10":0,"11":0,"12":0,"13":0,"14":0,"15":0,"16":0,"17":1,"18":10},"f":{"0":1,"1":1},"b":{},"_coverageSchema":"1a1c01bbd47fc00a2c39e90264f33305004495a9","hash":"dd2ecf8a9cad1d2009086c9a67b78299efce33da"}
,"/Users/macbookpro/Documents/hacktiv8/javascript/tugas/phase2/week 3/day 1/IP-HCK65/server/controllers/campaignController.js": {"path":"/Users/macbookpro/Documents/hacktiv8/javascript/tugas/phase2/week 3/day 1/IP-HCK65/server/controllers/campaignController.js","statementMap":{"0":{"start":{"line":1,"column":38},"end":{"line":1,"column":59}},"1":{"start":{"line":2,"column":54},"end":{"line":2,"column":74}},"2":{"start":{"line":4,"column":34},"end":{"line":4,"column":35}},"3":{"start":{"line":5,"column":30},"end":{"line":5,"column":31}},"4":{"start":{"line":10,"column":8},"end":{"line":18,"column":9}},"5":{"start":{"line":11,"column":28},"end":{"line":11,"column":52}},"6":{"start":{"line":13,"column":12},"end":{"line":15,"column":15}},"7":{"start":{"line":17,"column":12},"end":{"line":17,"column":23}},"8":{"start":{"line":22,"column":8},"end":{"line":39,"column":9}},"9":{"start":{"line":23,"column":12},"end":{"line":23,"column":29}},"10":{"start":{"line":24,"column":85},"end":{"line":24,"column":93}},"11":{"start":{"line":25,"column":36},"end":{"line":25,"column":53}},"12":{"start":{"line":26,"column":27},"end":{"line":34,"column":14}},"13":{"start":{"line":36,"column":12},"end":{"line":36,"column":51}},"14":{"start":{"line":38,"column":12},"end":{"line":38,"column":23}},"15":{"start":{"line":44,"column":8},"end":{"line":53,"column":9}},"16":{"start":{"line":45,"column":23},"end":{"line":45,"column":33}},"17":{"start":{"line":46,"column":27},"end":{"line":48,"column":14}},"18":{"start":{"line":50,"column":12},"end":{"line":50,"column":51}},"19":{"start":{"line":52,"column":12},"end":{"line":52,"column":23}},"20":{"start":{"line":57,"column":8},"end":{"line":93,"column":9}},"21":{"start":{"line":58,"column":23},"end":{"line":58,"column":33}},"22":{"start":{"line":60,"column":85},"end":{"line":60,"column":93}},"23":{"start":{"line":61,"column":25},"end":{"line":61,"column":27}},"24":{"start":{"line":63,"column":12},"end":{"line":63,"column":62}},"25":{"start":{"line":63,"column":24},"end":{"line":63,"column":62}},"26":{"start":{"line":64,"column":12},"end":{"line":64,"column":74}},"27":{"start":{"line":64,"column":30},"end":{"line":64,"column":74}},"28":{"start":{"line":65,"column":12},"end":{"line":65,"column":86}},"29":{"start":{"line":65,"column":36},"end":{"line":65,"column":86}},"30":{"start":{"line":66,"column":12},"end":{"line":66,"column":92}},"31":{"start":{"line":66,"column":50},"end":{"line":66,"column":92}},"32":{"start":{"line":68,"column":12},"end":{"line":68,"column":91}},"33":{"start":{"line":68,"column":35},"end":{"line":68,"column":91}},"34":{"start":{"line":70,"column":27},"end":{"line":74,"column":14}},"35":{"start":{"line":76,"column":12},"end":{"line":76,"column":92}},"36":{"start":{"line":76,"column":27},"end":{"line":76,"column":92}},"37":{"start":{"line":78,"column":36},"end":{"line":78,"column":53}},"38":{"start":{"line":80,"column":12},"end":{"line":88,"column":14}},"39":{"start":{"line":90,"column":12},"end":{"line":90,"column":43}},"40":{"start":{"line":92,"column":12},"end":{"line":92,"column":23}},"41":{"start":{"line":98,"column":8},"end":{"line":109,"column":9}},"42":{"start":{"line":99,"column":23},"end":{"line":99,"column":33}},"43":{"start":{"line":100,"column":27},"end":{"line":100,"column":54}},"44":{"start":{"line":102,"column":12},"end":{"line":102,"column":92}},"45":{"start":{"line":102,"column":27},"end":{"line":102,"column":92}},"46":{"start":{"line":104,"column":12},"end":{"line":104,"column":37}},"47":{"start":{"line":106,"column":12},"end":{"line":106,"column":83}},"48":{"start":{"line":108,"column":12},"end":{"line":108,"column":23}},"49":{"start":{"line":114,"column":8},"end":{"line":167,"column":9}},"50":{"start":{"line":115,"column":12},"end":{"line":115,"column":33}},"51":{"start":{"line":123,"column":23},"end":{"line":127,"column":14}},"52":{"start":{"line":128,"column":24},"end":{"line":128,"column":38}},"53":{"start":{"line":129,"column":12},"end":{"line":129,"column":45}},"54":{"start":{"line":130,"column":12},"end":{"line":130,"column":37}},"55":{"start":{"line":131,"column":27},"end":{"line":131,"column":29}},"56":{"start":{"line":132,"column":12},"end":{"line":134,"column":13}},"57":{"start":{"line":133,"column":16},"end":{"line":133,"column":37}},"58":{"start":{"line":135,"column":12},"end":{"line":135,"column":40}},"59":{"start":{"line":137,"column":12},"end":{"line":164,"column":13}},"60":{"start":{"line":138,"column":16},"end":{"line":138,"column":79}},"61":{"start":{"line":139,"column":19},"end":{"line":164,"column":13}},"62":{"start":{"line":140,"column":16},"end":{"line":140,"column":85}},"63":{"start":{"line":142,"column":30},"end":{"line":146,"column":17}},"64":{"start":{"line":149,"column":16},"end":{"line":149,"column":50}},"65":{"start":{"line":152,"column":16},"end":{"line":152,"column":86}},"66":{"start":{"line":154,"column":16},"end":{"line":159,"column":18}},"67":{"start":{"line":162,"column":16},"end":{"line":162,"column":53}},"68":{"start":{"line":163,"column":16},"end":{"line":163,"column":42}},"69":{"start":{"line":166,"column":12},"end":{"line":166,"column":23}},"70":{"start":{"line":171,"column":0},"end":{"line":171,"column":36}}},"fnMap":{"0":{"name":"(anonymous_0)","decl":{"start":{"line":9,"column":4},"end":{"line":9,"column":5}},"loc":{"start":{"line":9,"column":41},"end":{"line":19,"column":5}},"line":9},"1":{"name":"(anonymous_1)","decl":{"start":{"line":21,"column":4},"end":{"line":21,"column":5}},"loc":{"start":{"line":21,"column":46},"end":{"line":40,"column":5}},"line":21},"2":{"name":"(anonymous_2)","decl":{"start":{"line":43,"column":4},"end":{"line":43,"column":5}},"loc":{"start":{"line":43,"column":51},"end":{"line":54,"column":5}},"line":43},"3":{"name":"(anonymous_3)","decl":{"start":{"line":56,"column":4},"end":{"line":56,"column":5}},"loc":{"start":{"line":56,"column":45},"end":{"line":94,"column":5}},"line":56},"4":{"name":"(anonymous_4)","decl":{"start":{"line":97,"column":4},"end":{"line":97,"column":5}},"loc":{"start":{"line":97,"column":48},"end":{"line":110,"column":5}},"line":97},"5":{"name":"(anonymous_5)","decl":{"start":{"line":113,"column":4},"end":{"line":113,"column":5}},"loc":{"start":{"line":113,"column":55},"end":{"line":168,"column":5}},"line":113}},"branchMap":{"0":{"loc":{"start":{"line":63,"column":12},"end":{"line":63,"column":62}},"type":"if","locations":[{"start":{"line":63,"column":12},"end":{"line":63,"column":62}},{"start":{},"end":{}}],"line":63},"1":{"loc":{"start":{"line":64,"column":12},"end":{"line":64,"column":74}},"type":"if","locations":[{"start":{"line":64,"column":12},"end":{"line":64,"column":74}},{"start":{},"end":{}}],"line":64},"2":{"loc":{"start":{"line":65,"column":12},"end":{"line":65,"column":86}},"type":"if","locations":[{"start":{"line":65,"column":12},"end":{"line":65,"column":86}},{"start":{},"end":{}}],"line":65},"3":{"loc":{"start":{"line":66,"column":12},"end":{"line":66,"column":92}},"type":"if","locations":[{"start":{"line":66,"column":12},"end":{"line":66,"column":92}},{"start":{},"end":{}}],"line":66},"4":{"loc":{"start":{"line":66,"column":16},"end":{"line":66,"column":48}},"type":"binary-expr","locations":[{"start":{"line":66,"column":16},"end":{"line":66,"column":24}},{"start":{"line":66,"column":28},"end":{"line":66,"column":36}},{"start":{"line":66,"column":40},"end":{"line":66,"column":48}}],"line":66},"5":{"loc":{"start":{"line":68,"column":12},"end":{"line":68,"column":91}},"type":"if","locations":[{"start":{"line":68,"column":12},"end":{"line":68,"column":91}},{"start":{},"end":{}}],"line":68},"6":{"loc":{"start":{"line":76,"column":12},"end":{"line":76,"column":92}},"type":"if","locations":[{"start":{"line":76,"column":12},"end":{"line":76,"column":92}},{"start":{},"end":{}}],"line":76},"7":{"loc":{"start":{"line":102,"column":12},"end":{"line":102,"column":92}},"type":"if","locations":[{"start":{"line":102,"column":12},"end":{"line":102,"column":92}},{"start":{},"end":{}}],"line":102},"8":{"loc":{"start":{"line":137,"column":12},"end":{"line":164,"column":13}},"type":"if","locations":[{"start":{"line":137,"column":12},"end":{"line":164,"column":13}},{"start":{"line":139,"column":19},"end":{"line":164,"column":13}}],"line":137},"9":{"loc":{"start":{"line":139,"column":19},"end":{"line":164,"column":13}},"type":"if","locations":[{"start":{"line":139,"column":19},"end":{"line":164,"column":13}},{"start":{"line":141,"column":19},"end":{"line":164,"column":13}}],"line":139}},"s":{"0":10,"1":10,"2":10,"3":10,"4":1,"5":1,"6":1,"7":0,"8":1,"9":1,"10":1,"11":1,"12":1,"13":1,"14":0,"15":2,"16":2,"17":2,"18":2,"19":0,"20":4,"21":4,"22":4,"23":4,"24":4,"25":1,"26":4,"27":1,"28":4,"29":0,"30":4,"31":0,"32":4,"33":1,"34":3,"35":3,"36":1,"37":2,"38":2,"39":2,"40":2,"41":2,"42":2,"43":2,"44":2,"45":1,"46":1,"47":1,"48":1,"49":1,"50":1,"51":1,"52":1,"53":1,"54":0,"55":0,"56":0,"57":0,"58":0,"59":0,"60":0,"61":0,"62":0,"63":0,"64":0,"65":0,"66":0,"67":0,"68":0,"69":1,"70":10},"f":{"0":1,"1":1,"2":2,"3":4,"4":2,"5":1},"b":{"0":[1,3],"1":[1,3],"2":[0,4],"3":[0,4],"4":[4,4,4],"5":[1,3],"6":[1,2],"7":[1,1],"8":[0,0],"9":[0,0]},"_coverageSchema":"1a1c01bbd47fc00a2c39e90264f33305004495a9","hash":"0339e07b8b8a59933765a135516c34315c4655d6"}
,"/Users/macbookpro/Documents/hacktiv8/javascript/tugas/phase2/week 3/day 1/IP-HCK65/server/helpers/index.js": {"path":"/Users/macbookpro/Documents/hacktiv8/javascript/tugas/phase2/week 3/day 1/IP-HCK65/server/helpers/index.js","statementMap":{"0":{"start":{"line":1,"column":33},"end":{"line":1,"column":49}},"1":{"start":{"line":2,"column":15},"end":{"line":2,"column":32}},"2":{"start":{"line":3,"column":25},"end":{"line":5,"column":1}},"3":{"start":{"line":4,"column":4},"end":{"line":4,"column":40}},"4":{"start":{"line":6,"column":25},"end":{"line":8,"column":1}},"5":{"start":{"line":7,"column":4},"end":{"line":7,"column":52}},"6":{"start":{"line":10,"column":0},"end":{"line":10,"column":77}}},"fnMap":{"0":{"name":"(anonymous_0)","decl":{"start":{"line":3,"column":25},"end":{"line":3,"column":26}},"loc":{"start":{"line":3,"column":39},"end":{"line":5,"column":1}},"line":3},"1":{"name":"(anonymous_1)","decl":{"start":{"line":6,"column":25},"end":{"line":6,"column":26}},"loc":{"start":{"line":6,"column":51},"end":{"line":8,"column":1}},"line":6}},"branchMap":{},"s":{"0":10,"1":10,"2":10,"3":21,"4":10,"5":2,"6":10},"f":{"0":21,"1":2},"b":{},"_coverageSchema":"1a1c01bbd47fc00a2c39e90264f33305004495a9","hash":"cccbc1ee482ce591cc542cf213f7384adc251384"}
,"/Users/macbookpro/Documents/hacktiv8/javascript/tugas/phase2/week 3/day 1/IP-HCK65/server/helpers/jwt.js": {"path":"/Users/macbookpro/Documents/hacktiv8/javascript/tugas/phase2/week 3/day 1/IP-HCK65/server/helpers/jwt.js","statementMap":{"0":{"start":{"line":1,"column":0},"end":{"line":1,"column":26}},"1":{"start":{"line":2,"column":12},"end":{"line":2,"column":35}},"2":{"start":{"line":5,"column":18},"end":{"line":7,"column":1}},"3":{"start":{"line":6,"column":4},"end":{"line":6,"column":53}},"4":{"start":{"line":8,"column":20},"end":{"line":10,"column":1}},"5":{"start":{"line":9,"column":4},"end":{"line":9,"column":60}},"6":{"start":{"line":11,"column":0},"end":{"line":11,"column":41}}},"fnMap":{"0":{"name":"(anonymous_0)","decl":{"start":{"line":5,"column":18},"end":{"line":5,"column":19}},"loc":{"start":{"line":5,"column":31},"end":{"line":7,"column":1}},"line":5},"1":{"name":"(anonymous_1)","decl":{"start":{"line":8,"column":20},"end":{"line":8,"column":21}},"loc":{"start":{"line":8,"column":38},"end":{"line":10,"column":1}},"line":8}},"branchMap":{},"s":{"0":10,"1":10,"2":10,"3":11,"4":10,"5":20,"6":10},"f":{"0":11,"1":20},"b":{},"_coverageSchema":"1a1c01bbd47fc00a2c39e90264f33305004495a9","hash":"1a33f0e60cb41068ae34fa02f33a80c931e7bf27"}
,"/Users/macbookpro/Documents/hacktiv8/javascript/tugas/phase2/week 3/day 1/IP-HCK65/server/middlewares/authentication.js": {"path":"/Users/macbookpro/Documents/hacktiv8/javascript/tugas/phase2/week 3/day 1/IP-HCK65/server/middlewares/authentication.js","statementMap":{"0":{"start":{"line":1,"column":22},"end":{"line":1,"column":43}},"1":{"start":{"line":2,"column":15},"end":{"line":2,"column":35}},"2":{"start":{"line":4,"column":0},"end":{"line":21,"column":1}},"3":{"start":{"line":5,"column":4},"end":{"line":20,"column":5}},"4":{"start":{"line":6,"column":27},"end":{"line":6,"column":52}},"5":{"start":{"line":8,"column":8},"end":{"line":8,"column":68}},"6":{"start":{"line":8,"column":27},"end":{"line":8,"column":68}},"7":{"start":{"line":9,"column":8},"end":{"line":9,"column":80}},"8":{"start":{"line":9,"column":52},"end":{"line":9,"column":80}},"9":{"start":{"line":10,"column":8},"end":{"line":10,"column":44}},"10":{"start":{"line":12,"column":22},"end":{"line":12,"column":47}},"11":{"start":{"line":13,"column":19},"end":{"line":13,"column":50}},"12":{"start":{"line":15,"column":8},"end":{"line":15,"column":60}},"13":{"start":{"line":15,"column":19},"end":{"line":15,"column":60}},"14":{"start":{"line":16,"column":8},"end":{"line":16,"column":91}},"15":{"start":{"line":17,"column":8},"end":{"line":17,"column":14}},"16":{"start":{"line":19,"column":8},"end":{"line":19,"column":17}}},"fnMap":{"0":{"name":"authentication","decl":{"start":{"line":4,"column":32},"end":{"line":4,"column":46}},"loc":{"start":{"line":4,"column":63},"end":{"line":21,"column":1}},"line":4}},"branchMap":{"0":{"loc":{"start":{"line":8,"column":8},"end":{"line":8,"column":68}},"type":"if","locations":[{"start":{"line":8,"column":8},"end":{"line":8,"column":68}},{"start":{},"end":{}}],"line":8},"1":{"loc":{"start":{"line":9,"column":8},"end":{"line":9,"column":80}},"type":"if","locations":[{"start":{"line":9,"column":8},"end":{"line":9,"column":80}},{"start":{},"end":{}}],"line":9},"2":{"loc":{"start":{"line":15,"column":8},"end":{"line":15,"column":60}},"type":"if","locations":[{"start":{"line":15,"column":8},"end":{"line":15,"column":60}},{"start":{},"end":{}}],"line":15}},"s":{"0":10,"1":10,"2":10,"3":25,"4":25,"5":25,"6":5,"7":20,"8":0,"9":20,"10":20,"11":15,"12":15,"13":0,"14":15,"15":15,"16":10},"f":{"0":25},"b":{"0":[5,20],"1":[0,20],"2":[0,15]},"_coverageSchema":"1a1c01bbd47fc00a2c39e90264f33305004495a9","hash":"30e369e7d63037d4e7e6ee8bdeb272ba9a4f35d6"}
,"/Users/macbookpro/Documents/hacktiv8/javascript/tugas/phase2/week 3/day 1/IP-HCK65/server/middlewares/errorHandler.js": {"path":"/Users/macbookpro/Documents/hacktiv8/javascript/tugas/phase2/week 3/day 1/IP-HCK65/server/middlewares/errorHandler.js","statementMap":{"0":{"start":{"line":1,"column":0},"end":{"line":40,"column":2}},"1":{"start":{"line":2,"column":17},"end":{"line":2,"column":20}},"2":{"start":{"line":3,"column":18},"end":{"line":3,"column":41}},"3":{"start":{"line":5,"column":4},"end":{"line":37,"column":5}},"4":{"start":{"line":8,"column":12},"end":{"line":8,"column":38}},"5":{"start":{"line":9,"column":12},"end":{"line":9,"column":60}},"6":{"start":{"line":9,"column":46},"end":{"line":9,"column":59}},"7":{"start":{"line":10,"column":12},"end":{"line":10,"column":18}},"8":{"start":{"line":13,"column":12},"end":{"line":13,"column":38}},"9":{"start":{"line":14,"column":12},"end":{"line":14,"column":57}},"10":{"start":{"line":15,"column":12},"end":{"line":15,"column":18}},"11":{"start":{"line":19,"column":12},"end":{"line":21,"column":13}},"12":{"start":{"line":20,"column":16},"end":{"line":20,"column":44}},"13":{"start":{"line":22,"column":12},"end":{"line":22,"column":38}},"14":{"start":{"line":23,"column":12},"end":{"line":23,"column":52}},"15":{"start":{"line":24,"column":12},"end":{"line":24,"column":18}},"16":{"start":{"line":28,"column":12},"end":{"line":28,"column":38}},"17":{"start":{"line":29,"column":12},"end":{"line":29,"column":48}},"18":{"start":{"line":30,"column":12},"end":{"line":30,"column":18}},"19":{"start":{"line":33,"column":12},"end":{"line":33,"column":38}},"20":{"start":{"line":34,"column":12},"end":{"line":34,"column":54}},"21":{"start":{"line":35,"column":12},"end":{"line":35,"column":18}},"22":{"start":{"line":39,"column":4},"end":{"line":39,"column":45}}},"fnMap":{"0":{"name":"(anonymous_0)","decl":{"start":{"line":1,"column":17},"end":{"line":1,"column":18}},"loc":{"start":{"line":1,"column":42},"end":{"line":40,"column":1}},"line":1},"1":{"name":"(anonymous_1)","decl":{"start":{"line":9,"column":37},"end":{"line":9,"column":38}},"loc":{"start":{"line":9,"column":46},"end":{"line":9,"column":59}},"line":9}},"branchMap":{"0":{"loc":{"start":{"line":5,"column":4},"end":{"line":37,"column":5}},"type":"switch","locations":[{"start":{"line":6,"column":8},"end":{"line":6,"column":46}},{"start":{"line":7,"column":8},"end":{"line":10,"column":18}},{"start":{"line":12,"column":8},"end":{"line":15,"column":18}},{"start":{"line":17,"column":8},"end":{"line":17,"column":33}},{"start":{"line":18,"column":8},"end":{"line":24,"column":18}},{"start":{"line":27,"column":8},"end":{"line":30,"column":18}},{"start":{"line":32,"column":8},"end":{"line":35,"column":18}}],"line":5},"1":{"loc":{"start":{"line":8,"column":21},"end":{"line":8,"column":38}},"type":"binary-expr","locations":[{"start":{"line":8,"column":21},"end":{"line":8,"column":31}},{"start":{"line":8,"column":35},"end":{"line":8,"column":38}}],"line":8},"2":{"loc":{"start":{"line":13,"column":21},"end":{"line":13,"column":38}},"type":"binary-expr","locations":[{"start":{"line":13,"column":21},"end":{"line":13,"column":31}},{"start":{"line":13,"column":35},"end":{"line":13,"column":38}}],"line":13},"3":{"loc":{"start":{"line":14,"column":22},"end":{"line":14,"column":57}},"type":"binary-expr","locations":[{"start":{"line":14,"column":22},"end":{"line":14,"column":33}},{"start":{"line":14,"column":37},"end":{"line":14,"column":57}}],"line":14},"4":{"loc":{"start":{"line":19,"column":12},"end":{"line":21,"column":13}},"type":"if","locations":[{"start":{"line":19,"column":12},"end":{"line":21,"column":13}},{"start":{},"end":{}}],"line":19},"5":{"loc":{"start":{"line":22,"column":21},"end":{"line":22,"column":38}},"type":"binary-expr","locations":[{"start":{"line":22,"column":21},"end":{"line":22,"column":31}},{"start":{"line":22,"column":35},"end":{"line":22,"column":38}}],"line":22},"6":{"loc":{"start":{"line":23,"column":22},"end":{"line":23,"column":52}},"type":"binary-expr","locations":[{"start":{"line":23,"column":22},"end":{"line":23,"column":33}},{"start":{"line":23,"column":37},"end":{"line":23,"column":52}}],"line":23},"7":{"loc":{"start":{"line":28,"column":21},"end":{"line":28,"column":38}},"type":"binary-expr","locations":[{"start":{"line":28,"column":21},"end":{"line":28,"column":31}},{"start":{"line":28,"column":35},"end":{"line":28,"column":38}}],"line":28},"8":{"loc":{"start":{"line":29,"column":22},"end":{"line":29,"column":48}},"type":"binary-expr","locations":[{"start":{"line":29,"column":22},"end":{"line":29,"column":33}},{"start":{"line":29,"column":37},"end":{"line":29,"column":48}}],"line":29},"9":{"loc":{"start":{"line":33,"column":21},"end":{"line":33,"column":38}},"type":"binary-expr","locations":[{"start":{"line":33,"column":21},"end":{"line":33,"column":31}},{"start":{"line":33,"column":35},"end":{"line":33,"column":38}}],"line":33},"10":{"loc":{"start":{"line":34,"column":22},"end":{"line":34,"column":54}},"type":"binary-expr","locations":[{"start":{"line":34,"column":22},"end":{"line":34,"column":33}},{"start":{"line":34,"column":37},"end":{"line":34,"column":54}}],"line":34}},"s":{"0":10,"1":24,"2":24,"3":24,"4":0,"5":0,"6":0,"7":0,"8":8,"9":8,"10":8,"11":12,"12":5,"13":12,"14":12,"15":12,"16":0,"17":0,"18":0,"19":2,"20":2,"21":2,"22":24},"f":{"0":24,"1":0},"b":{"0":[0,0,8,5,12,0,2],"1":[0,0],"2":[8,7],"3":[8,0],"4":[5,7],"5":[12,7],"6":[12,5],"7":[0,0],"8":[0,0],"9":[2,0],"10":[2,0]},"_coverageSchema":"1a1c01bbd47fc00a2c39e90264f33305004495a9","hash":"a7c07503c8ca55a294fb3d305df85bc0931273a7"}
,"/Users/macbookpro/Documents/hacktiv8/javascript/tugas/phase2/week 3/day 1/IP-HCK65/server/models/balancehistory.js": {"path":"/Users/macbookpro/Documents/hacktiv8/javascript/tugas/phase2/week 3/day 1/IP-HCK65/server/models/balancehistory.js","statementMap":{"0":{"start":{"line":4,"column":4},"end":{"line":4,"column":24}},"1":{"start":{"line":5,"column":0},"end":{"line":29,"column":2}},"2":{"start":{"line":13,"column":6},"end":{"line":17,"column":8}},"3":{"start":{"line":20,"column":2},"end":{"line":27,"column":5}},"4":{"start":{"line":28,"column":2},"end":{"line":28,"column":24}}},"fnMap":{"0":{"name":"(anonymous_0)","decl":{"start":{"line":5,"column":17},"end":{"line":5,"column":18}},"loc":{"start":{"line":5,"column":43},"end":{"line":29,"column":1}},"line":5},"1":{"name":"(anonymous_1)","decl":{"start":{"line":12,"column":4},"end":{"line":12,"column":5}},"loc":{"start":{"line":12,"column":29},"end":{"line":18,"column":5}},"line":12}},"branchMap":{},"s":{"0":10,"1":10,"2":10,"3":10,"4":10},"f":{"0":10,"1":10},"b":{},"_coverageSchema":"1a1c01bbd47fc00a2c39e90264f33305004495a9","hash":"b468c3a076bb1f70ccec062be6d05c8b23d12bc2"}
,"/Users/macbookpro/Documents/hacktiv8/javascript/tugas/phase2/week 3/day 1/IP-HCK65/server/models/campaign.js": {"path":"/Users/macbookpro/Documents/hacktiv8/javascript/tugas/phase2/week 3/day 1/IP-HCK65/server/models/campaign.js","statementMap":{"0":{"start":{"line":4,"column":4},"end":{"line":4,"column":24}},"1":{"start":{"line":5,"column":0},"end":{"line":31,"column":2}},"2":{"start":{"line":13,"column":6},"end":{"line":15,"column":8}},"3":{"start":{"line":18,"column":2},"end":{"line":29,"column":5}},"4":{"start":{"line":30,"column":2},"end":{"line":30,"column":18}}},"fnMap":{"0":{"name":"(anonymous_0)","decl":{"start":{"line":5,"column":17},"end":{"line":5,"column":18}},"loc":{"start":{"line":5,"column":43},"end":{"line":31,"column":1}},"line":5},"1":{"name":"(anonymous_1)","decl":{"start":{"line":12,"column":4},"end":{"line":12,"column":5}},"loc":{"start":{"line":12,"column":29},"end":{"line":16,"column":5}},"line":12}},"branchMap":{},"s":{"0":10,"1":10,"2":10,"3":10,"4":10},"f":{"0":10,"1":10},"b":{},"_coverageSchema":"1a1c01bbd47fc00a2c39e90264f33305004495a9","hash":"93e775d9b703294200601e4c326622e78521945d"}
,"/Users/macbookpro/Documents/hacktiv8/javascript/tugas/phase2/week 3/day 1/IP-HCK65/server/models/index.js": {"path":"/Users/macbookpro/Documents/hacktiv8/javascript/tugas/phase2/week 3/day 1/IP-HCK65/server/models/index.js","statementMap":{"0":{"start":{"line":3,"column":11},"end":{"line":3,"column":24}},"1":{"start":{"line":4,"column":13},"end":{"line":4,"column":28}},"2":{"start":{"line":5,"column":18},"end":{"line":5,"column":38}},"3":{"start":{"line":6,"column":16},"end":{"line":6,"column":34}},"4":{"start":{"line":7,"column":17},"end":{"line":7,"column":42}},"5":{"start":{"line":8,"column":12},"end":{"line":8,"column":49}},"6":{"start":{"line":9,"column":15},"end":{"line":9,"column":65}},"7":{"start":{"line":10,"column":11},"end":{"line":10,"column":13}},"8":{"start":{"line":13,"column":0},"end":{"line":17,"column":1}},"9":{"start":{"line":14,"column":2},"end":{"line":14,"column":74}},"10":{"start":{"line":16,"column":2},"end":{"line":16,"column":87}},"11":{"start":{"line":19,"column":0},"end":{"line":32,"column":5}},"12":{"start":{"line":22,"column":4},"end":{"line":27,"column":6}},"13":{"start":{"line":30,"column":18},"end":{"line":30,"column":85}},"14":{"start":{"line":31,"column":4},"end":{"line":31,"column":27}},"15":{"start":{"line":34,"column":0},"end":{"line":38,"column":3}},"16":{"start":{"line":35,"column":2},"end":{"line":37,"column":3}},"17":{"start":{"line":36,"column":4},"end":{"line":36,"column":32}},"18":{"start":{"line":40,"column":0},"end":{"line":40,"column":25}},"19":{"start":{"line":41,"column":0},"end":{"line":41,"column":25}},"20":{"start":{"line":43,"column":0},"end":{"line":43,"column":20}}},"fnMap":{"0":{"name":"(anonymous_0)","decl":{"start":{"line":21,"column":10},"end":{"line":21,"column":11}},"loc":{"start":{"line":21,"column":18},"end":{"line":28,"column":3}},"line":21},"1":{"name":"(anonymous_1)","decl":{"start":{"line":29,"column":11},"end":{"line":29,"column":12}},"loc":{"start":{"line":29,"column":19},"end":{"line":32,"column":3}},"line":29},"2":{"name":"(anonymous_2)","decl":{"start":{"line":34,"column":24},"end":{"line":34,"column":25}},"loc":{"start":{"line":34,"column":37},"end":{"line":38,"column":1}},"line":34}},"branchMap":{"0":{"loc":{"start":{"line":8,"column":12},"end":{"line":8,"column":49}},"type":"binary-expr","locations":[{"start":{"line":8,"column":12},"end":{"line":8,"column":32}},{"start":{"line":8,"column":36},"end":{"line":8,"column":49}}],"line":8},"1":{"loc":{"start":{"line":13,"column":0},"end":{"line":17,"column":1}},"type":"if","locations":[{"start":{"line":13,"column":0},"end":{"line":17,"column":1}},{"start":{"line":15,"column":7},"end":{"line":17,"column":1}}],"line":13},"2":{"loc":{"start":{"line":23,"column":6},"end":{"line":26,"column":37}},"type":"binary-expr","locations":[{"start":{"line":23,"column":6},"end":{"line":23,"column":29}},{"start":{"line":24,"column":6},"end":{"line":24,"column":23}},{"start":{"line":25,"column":6},"end":{"line":25,"column":30}},{"start":{"line":26,"column":6},"end":{"line":26,"column":37}}],"line":23},"3":{"loc":{"start":{"line":35,"column":2},"end":{"line":37,"column":3}},"type":"if","locations":[{"start":{"line":35,"column":2},"end":{"line":37,"column":3}},{"start":{},"end":{}}],"line":35}},"s":{"0":10,"1":10,"2":10,"3":10,"4":10,"5":10,"6":10,"7":10,"8":10,"9":0,"10":10,"11":10,"12":50,"13":40,"14":40,"15":10,"16":40,"17":40,"18":10,"19":10,"20":10},"f":{"0":50,"1":40,"2":40},"b":{"0":[10,0],"1":[0,10],"2":[50,50,40,40],"3":[40,0]},"_coverageSchema":"1a1c01bbd47fc00a2c39e90264f33305004495a9","hash":"848dd3ae6088db299ee43344d535b74d563bacc3"}
,"/Users/macbookpro/Documents/hacktiv8/javascript/tugas/phase2/week 3/day 1/IP-HCK65/server/models/transaction.js": {"path":"/Users/macbookpro/Documents/hacktiv8/javascript/tugas/phase2/week 3/day 1/IP-HCK65/server/models/transaction.js","statementMap":{"0":{"start":{"line":4,"column":4},"end":{"line":4,"column":24}},"1":{"start":{"line":5,"column":0},"end":{"line":30,"column":2}},"2":{"start":{"line":13,"column":6},"end":{"line":15,"column":8}},"3":{"start":{"line":16,"column":6},"end":{"line":18,"column":8}},"4":{"start":{"line":21,"column":2},"end":{"line":28,"column":5}},"5":{"start":{"line":29,"column":2},"end":{"line":29,"column":21}}},"fnMap":{"0":{"name":"(anonymous_0)","decl":{"start":{"line":5,"column":17},"end":{"line":5,"column":18}},"loc":{"start":{"line":5,"column":43},"end":{"line":30,"column":1}},"line":5},"1":{"name":"(anonymous_1)","decl":{"start":{"line":12,"column":4},"end":{"line":12,"column":5}},"loc":{"start":{"line":12,"column":29},"end":{"line":19,"column":5}},"line":12}},"branchMap":{},"s":{"0":10,"1":10,"2":10,"3":10,"4":10,"5":10},"f":{"0":10,"1":10},"b":{},"_coverageSchema":"1a1c01bbd47fc00a2c39e90264f33305004495a9","hash":"06ede40f7fa0e2eb9c3b5d6b83fbc1b5adb9e145"}
,"/Users/macbookpro/Documents/hacktiv8/javascript/tugas/phase2/week 3/day 1/IP-HCK65/server/models/user.js": {"path":"/Users/macbookpro/Documents/hacktiv8/javascript/tugas/phase2/week 3/day 1/IP-HCK65/server/models/user.js","statementMap":{"0":{"start":{"line":4,"column":4},"end":{"line":4,"column":24}},"1":{"start":{"line":5,"column":27},"end":{"line":5,"column":48}},"2":{"start":{"line":6,"column":0},"end":{"line":74,"column":2}},"3":{"start":{"line":14,"column":12},"end":{"line":16,"column":14}},"4":{"start":{"line":21,"column":4},"end":{"line":65,"column":7}},"5":{"start":{"line":67,"column":4},"end":{"line":71,"column":7}},"6":{"start":{"line":68,"column":8},"end":{"line":70,"column":9}},"7":{"start":{"line":69,"column":12},"end":{"line":69,"column":59}},"8":{"start":{"line":73,"column":4},"end":{"line":73,"column":16}}},"fnMap":{"0":{"name":"(anonymous_0)","decl":{"start":{"line":6,"column":17},"end":{"line":6,"column":18}},"loc":{"start":{"line":6,"column":43},"end":{"line":74,"column":1}},"line":6},"1":{"name":"(anonymous_1)","decl":{"start":{"line":13,"column":8},"end":{"line":13,"column":9}},"loc":{"start":{"line":13,"column":33},"end":{"line":18,"column":9}},"line":13},"2":{"name":"(anonymous_2)","decl":{"start":{"line":67,"column":22},"end":{"line":67,"column":23}},"loc":{"start":{"line":67,"column":47},"end":{"line":71,"column":5}},"line":67}},"branchMap":{"0":{"loc":{"start":{"line":68,"column":8},"end":{"line":70,"column":9}},"type":"if","locations":[{"start":{"line":68,"column":8},"end":{"line":70,"column":9}},{"start":{},"end":{}}],"line":68}},"s":{"0":10,"1":10,"2":10,"3":10,"4":10,"5":10,"6":1,"7":1,"8":10},"f":{"0":10,"1":10,"2":1},"b":{"0":[1,0]},"_coverageSchema":"1a1c01bbd47fc00a2c39e90264f33305004495a9","hash":"7d6c2ed3047e6fe6aaedd6677c589868863fa906"}
,"/Users/macbookpro/Documents/hacktiv8/javascript/tugas/phase2/week 3/day 1/IP-HCK65/server/routes/balancehistories.js": {"path":"/Users/macbookpro/Documents/hacktiv8/javascript/tugas/phase2/week 3/day 1/IP-HCK65/server/routes/balancehistories.js","statementMap":{"0":{"start":{"line":1,"column":16},"end":{"line":1,"column":34}},"1":{"start":{"line":2,"column":33},"end":{"line":2,"column":83}},"2":{"start":{"line":3,"column":15},"end":{"line":3,"column":31}},"3":{"start":{"line":5,"column":0},"end":{"line":5,"column":63}},"4":{"start":{"line":6,"column":0},"end":{"line":6,"column":66}},"5":{"start":{"line":8,"column":0},"end":{"line":8,"column":24}}},"fnMap":{},"branchMap":{},"s":{"0":10,"1":10,"2":10,"3":10,"4":10,"5":10},"f":{},"b":{},"_coverageSchema":"1a1c01bbd47fc00a2c39e90264f33305004495a9","hash":"86a4eb0e74fef5c723e32c6e0ae89c2cda313db0"}
,"/Users/macbookpro/Documents/hacktiv8/javascript/tugas/phase2/week 3/day 1/IP-HCK65/server/routes/index.js": {"path":"/Users/macbookpro/Documents/hacktiv8/javascript/tugas/phase2/week 3/day 1/IP-HCK65/server/routes/index.js","statementMap":{"0":{"start":{"line":1,"column":16},"end":{"line":1,"column":34}},"1":{"start":{"line":3,"column":15},"end":{"line":3,"column":31}},"2":{"start":{"line":5,"column":23},"end":{"line":5,"column":63}},"3":{"start":{"line":6,"column":27},"end":{"line":6,"column":71}},"4":{"start":{"line":8,"column":23},"end":{"line":8,"column":63}},"5":{"start":{"line":9,"column":20},"end":{"line":9,"column":38}},"6":{"start":{"line":10,"column":31},"end":{"line":10,"column":60}},"7":{"start":{"line":13,"column":0},"end":{"line":13,"column":70}},"8":{"start":{"line":16,"column":0},"end":{"line":16,"column":48}},"9":{"start":{"line":17,"column":0},"end":{"line":17,"column":54}},"10":{"start":{"line":18,"column":0},"end":{"line":18,"column":57}},"11":{"start":{"line":20,"column":0},"end":{"line":20,"column":26}},"12":{"start":{"line":22,"column":0},"end":{"line":22,"column":53}},"13":{"start":{"line":23,"column":0},"end":{"line":23,"column":59}},"14":{"start":{"line":24,"column":0},"end":{"line":24,"column":67}},"15":{"start":{"line":25,"column":0},"end":{"line":25,"column":61}},"16":{"start":{"line":26,"column":0},"end":{"line":26,"column":67}},"17":{"start":{"line":27,"column":0},"end":{"line":27,"column":93}},"18":{"start":{"line":30,"column":0},"end":{"line":30,"column":54}},"19":{"start":{"line":31,"column":0},"end":{"line":31,"column":64}},"20":{"start":{"line":33,"column":0},"end":{"line":33,"column":34}},"21":{"start":{"line":34,"column":0},"end":{"line":34,"column":57}},"22":{"start":{"line":36,"column":0},"end":{"line":54,"column":3}},"23":{"start":{"line":37,"column":4},"end":{"line":53,"column":5}},"24":{"start":{"line":50,"column":8},"end":{"line":50,"column":32}},"25":{"start":{"line":52,"column":8},"end":{"line":52,"column":28}},"26":{"start":{"line":57,"column":0},"end":{"line":57,"column":24}}},"fnMap":{"0":{"name":"(anonymous_0)","decl":{"start":{"line":36,"column":16},"end":{"line":36,"column":17}},"loc":{"start":{"line":36,"column":48},"end":{"line":54,"column":1}},"line":36}},"branchMap":{},"s":{"0":10,"1":10,"2":10,"3":10,"4":10,"5":10,"6":10,"7":10,"8":10,"9":10,"10":10,"11":10,"12":10,"13":10,"14":10,"15":10,"16":10,"17":10,"18":10,"19":10,"20":10,"21":10,"22":10,"23":0,"24":0,"25":0,"26":10},"f":{"0":0},"b":{},"_coverageSchema":"1a1c01bbd47fc00a2c39e90264f33305004495a9","hash":"cce630f8f736cce3b4f16bf1244ee9f4684bf888"}
,"/Users/macbookpro/Documents/hacktiv8/javascript/tugas/phase2/week 3/day 1/IP-HCK65/server/routes/users.js": {"path":"/Users/macbookpro/Documents/hacktiv8/javascript/tugas/phase2/week 3/day 1/IP-HCK65/server/routes/users.js","statementMap":{"0":{"start":{"line":1,"column":16},"end":{"line":1,"column":34}},"1":{"start":{"line":2,"column":15},"end":{"line":2,"column":31}},"2":{"start":{"line":5,"column":0},"end":{"line":7,"column":3}},"3":{"start":{"line":6,"column":2},"end":{"line":6,"column":38}},"4":{"start":{"line":9,"column":0},"end":{"line":9,"column":24}}},"fnMap":{"0":{"name":"(anonymous_0)","decl":{"start":{"line":5,"column":16},"end":{"line":5,"column":17}},"loc":{"start":{"line":5,"column":41},"end":{"line":7,"column":1}},"line":5}},"branchMap":{},"s":{"0":10,"1":10,"2":10,"3":0,"4":10},"f":{"0":0},"b":{},"_coverageSchema":"1a1c01bbd47fc00a2c39e90264f33305004495a9","hash":"feddcdd77f2b952b8ce2409d83ad7af9bcd5b597"}
}
