{"D:\\Rafi\\Hacktiv8\\phase-2\\Week3\\Day1\\IP-HCK65\\server\\app.js": {"path":"D:\\Rafi\\Hacktiv8\\phase-2\\Week3\\Day1\\IP-HCK65\\server\\app.js","statementMap":{"0":{"start":{"line":1,"column":0},"end":{"line":3,"column":1}},"1":{"start":{"line":2,"column":4},"end":{"line":2,"column":30}},"2":{"start":{"line":5,"column":16},"end":{"line":5,"column":34}},"3":{"start":{"line":6,"column":15},"end":{"line":6,"column":35}},"4":{"start":{"line":7,"column":12},"end":{"line":7,"column":21}},"5":{"start":{"line":8,"column":13},"end":{"line":8,"column":28}},"6":{"start":{"line":10,"column":0},"end":{"line":10,"column":48}},"7":{"start":{"line":11,"column":0},"end":{"line":11,"column":24}},"8":{"start":{"line":12,"column":0},"end":{"line":12,"column":15}},"9":{"start":{"line":15,"column":0},"end":{"line":17,"column":2}},"10":{"start":{"line":16,"column":4},"end":{"line":16,"column":29}},"11":{"start":{"line":18,"column":0},"end":{"line":18,"column":15}},"12":{"start":{"line":20,"column":0},"end":{"line":20,"column":20}}},"fnMap":{"0":{"name":"(anonymous_0)","decl":{"start":{"line":15,"column":13},"end":{"line":15,"column":14}},"loc":{"start":{"line":15,"column":27},"end":{"line":17,"column":1}},"line":15}},"branchMap":{"0":{"loc":{"start":{"line":1,"column":0},"end":{"line":3,"column":1}},"type":"if","locations":[{"start":{"line":1,"column":0},"end":{"line":3,"column":1}},{"start":{},"end":{}}],"line":1}},"s":{"0":5,"1":5,"2":5,"3":5,"4":5,"5":5,"6":5,"7":5,"8":5,"9":5,"10":0,"11":5,"12":5},"f":{"0":0},"b":{"0":[5,0]},"_coverageSchema":"1a1c01bbd47fc00a2c39e90264f33305004495a9","hash":"1b8a35b48de581453bbf0995cbd70bc3e5c0bf10"}
,"D:\\Rafi\\Hacktiv8\\phase-2\\Week3\\Day1\\IP-HCK65\\server\\controllers\\ControllerAuth.js": {"path":"D:\\Rafi\\Hacktiv8\\phase-2\\Week3\\Day1\\IP-HCK65\\server\\controllers\\ControllerAuth.js","statementMap":{"0":{"start":{"line":1,"column":16},"end":{"line":1,"column":34}},"1":{"start":{"line":2,"column":17},"end":{"line":2,"column":37}},"2":{"start":{"line":3,"column":22},"end":{"line":3,"column":53}},"3":{"start":{"line":4,"column":20},"end":{"line":4,"column":42}},"4":{"start":{"line":5,"column":25},"end":{"line":5,"column":55}},"5":{"start":{"line":6,"column":15},"end":{"line":6,"column":33}},"6":{"start":{"line":11,"column":8},"end":{"line":42,"column":9}},"7":{"start":{"line":12,"column":29},"end":{"line":12,"column":58}},"8":{"start":{"line":14,"column":32},"end":{"line":14,"column":77}},"9":{"start":{"line":15,"column":27},"end":{"line":29,"column":23}},"10":{"start":{"line":31,"column":12},"end":{"line":38,"column":20}},"11":{"start":{"line":46,"column":8},"end":{"line":80,"column":9}},"12":{"start":{"line":47,"column":29},"end":{"line":47,"column":38}},"13":{"start":{"line":48,"column":29},"end":{"line":48,"column":58}},"14":{"start":{"line":49,"column":33},"end":{"line":49,"column":66}},"15":{"start":{"line":51,"column":32},"end":{"line":51,"column":77}},"16":{"start":{"line":53,"column":31},"end":{"line":57,"column":14}},"17":{"start":{"line":59,"column":25},"end":{"line":59,"column":70}},"18":{"start":{"line":60,"column":33},"end":{"line":60,"column":55}},"19":{"start":{"line":61,"column":12},"end":{"line":61,"column":51}},"20":{"start":{"line":63,"column":26},"end":{"line":63,"column":50}},"21":{"start":{"line":65,"column":36},"end":{"line":74,"column":14}},"22":{"start":{"line":76,"column":12},"end":{"line":76,"column":115}},"23":{"start":{"line":79,"column":12},"end":{"line":79,"column":31}},"24":{"start":{"line":84,"column":0},"end":{"line":84,"column":31}}},"fnMap":{"0":{"name":"(anonymous_0)","decl":{"start":{"line":10,"column":4},"end":{"line":10,"column":5}},"loc":{"start":{"line":10,"column":49},"end":{"line":43,"column":5}},"line":10},"1":{"name":"(anonymous_1)","decl":{"start":{"line":45,"column":4},"end":{"line":45,"column":5}},"loc":{"start":{"line":45,"column":53},"end":{"line":81,"column":5}},"line":45}},"branchMap":{},"s":{"0":5,"1":5,"2":5,"3":5,"4":5,"5":5,"6":0,"7":0,"8":0,"9":0,"10":0,"11":0,"12":0,"13":0,"14":0,"15":0,"16":0,"17":0,"18":0,"19":0,"20":0,"21":0,"22":0,"23":0,"24":5},"f":{"0":0,"1":0},"b":{},"_coverageSchema":"1a1c01bbd47fc00a2c39e90264f33305004495a9","hash":"c8ad247d80538acc9f934b5bf51650b3aa2f1d78"}
,"D:\\Rafi\\Hacktiv8\\phase-2\\Week3\\Day1\\IP-HCK65\\server\\controllers\\ControllerUser.js": {"path":"D:\\Rafi\\Hacktiv8\\phase-2\\Week3\\Day1\\IP-HCK65\\server\\controllers\\ControllerUser.js","statementMap":{"0":{"start":{"line":1,"column":16},"end":{"line":1,"column":34}},"1":{"start":{"line":2,"column":22},"end":{"line":2,"column":53}},"2":{"start":{"line":3,"column":17},"end":{"line":3,"column":37}},"3":{"start":{"line":7,"column":8},"end":{"line":57,"column":9}},"4":{"start":{"line":9,"column":29},"end":{"line":9,"column":58}},"5":{"start":{"line":10,"column":33},"end":{"line":10,"column":66}},"6":{"start":{"line":11,"column":32},"end":{"line":11,"column":77}},"7":{"start":{"line":14,"column":29},"end":{"line":18,"column":14}},"8":{"start":{"line":20,"column":12},"end":{"line":20,"column":64}},"9":{"start":{"line":22,"column":12},"end":{"line":27,"column":13}},"10":{"start":{"line":23,"column":16},"end":{"line":26,"column":17}},"11":{"start":{"line":29,"column":23},"end":{"line":29,"column":47}},"12":{"start":{"line":30,"column":26},"end":{"line":30,"column":83}},"13":{"start":{"line":31,"column":12},"end":{"line":36,"column":13}},"14":{"start":{"line":32,"column":16},"end":{"line":35,"column":17}},"15":{"start":{"line":38,"column":12},"end":{"line":38,"column":41}},"16":{"start":{"line":41,"column":12},"end":{"line":41,"column":31}},"17":{"start":{"line":42,"column":12},"end":{"line":46,"column":13}},"18":{"start":{"line":43,"column":16},"end":{"line":45,"column":18}},"19":{"start":{"line":48,"column":12},"end":{"line":52,"column":13}},"20":{"start":{"line":49,"column":16},"end":{"line":51,"column":18}},"21":{"start":{"line":54,"column":12},"end":{"line":56,"column":14}},"22":{"start":{"line":61,"column":8},"end":{"line":99,"column":9}},"23":{"start":{"line":62,"column":29},"end":{"line":62,"column":58}},"24":{"start":{"line":63,"column":33},"end":{"line":63,"column":66}},"25":{"start":{"line":65,"column":32},"end":{"line":65,"column":77}},"26":{"start":{"line":67,"column":29},"end":{"line":71,"column":14}},"27":{"start":{"line":73,"column":12},"end":{"line":73,"column":65}},"28":{"start":{"line":76,"column":25},"end":{"line":76,"column":97}},"29":{"start":{"line":77,"column":24},"end":{"line":86,"column":14}},"30":{"start":{"line":78,"column":16},"end":{"line":85,"column":17}},"31":{"start":{"line":87,"column":12},"end":{"line":87,"column":27}},"32":{"start":{"line":90,"column":12},"end":{"line":90,"column":46}},"33":{"start":{"line":91,"column":12},"end":{"line":95,"column":13}},"34":{"start":{"line":92,"column":16},"end":{"line":94,"column":18}},"35":{"start":{"line":96,"column":12},"end":{"line":98,"column":14}},"36":{"start":{"line":103,"column":8},"end":{"line":139,"column":9}},"37":{"start":{"line":104,"column":29},"end":{"line":104,"column":58}},"38":{"start":{"line":105,"column":33},"end":{"line":105,"column":66}},"39":{"start":{"line":107,"column":32},"end":{"line":107,"column":77}},"40":{"start":{"line":109,"column":29},"end":{"line":113,"column":14}},"41":{"start":{"line":115,"column":12},"end":{"line":115,"column":65}},"42":{"start":{"line":117,"column":25},"end":{"line":117,"column":98}},"43":{"start":{"line":118,"column":26},"end":{"line":125,"column":14}},"44":{"start":{"line":119,"column":16},"end":{"line":124,"column":17}},"45":{"start":{"line":126,"column":12},"end":{"line":126,"column":29}},"46":{"start":{"line":130,"column":12},"end":{"line":130,"column":31}},"47":{"start":{"line":131,"column":12},"end":{"line":135,"column":13}},"48":{"start":{"line":132,"column":16},"end":{"line":134,"column":18}},"49":{"start":{"line":136,"column":12},"end":{"line":138,"column":14}},"50":{"start":{"line":143,"column":8},"end":{"line":193,"column":9}},"51":{"start":{"line":144,"column":29},"end":{"line":144,"column":58}},"52":{"start":{"line":145,"column":33},"end":{"line":145,"column":66}},"53":{"start":{"line":147,"column":32},"end":{"line":147,"column":77}},"54":{"start":{"line":148,"column":30},"end":{"line":148,"column":32}},"55":{"start":{"line":150,"column":29},"end":{"line":154,"column":14}},"56":{"start":{"line":156,"column":12},"end":{"line":156,"column":65}},"57":{"start":{"line":158,"column":25},"end":{"line":158,"column":96}},"58":{"start":{"line":159,"column":12},"end":{"line":159,"column":38}},"59":{"start":{"line":160,"column":12},"end":{"line":162,"column":14}},"60":{"start":{"line":161,"column":16},"end":{"line":161,"column":42}},"61":{"start":{"line":163,"column":34},"end":{"line":167,"column":14}},"62":{"start":{"line":169,"column":12},"end":{"line":169,"column":57}},"63":{"start":{"line":170,"column":24},"end":{"line":179,"column":14}},"64":{"start":{"line":171,"column":16},"end":{"line":178,"column":17}},"65":{"start":{"line":181,"column":12},"end":{"line":181,"column":27}},"66":{"start":{"line":184,"column":12},"end":{"line":184,"column":31}},"67":{"start":{"line":185,"column":12},"end":{"line":189,"column":13}},"68":{"start":{"line":186,"column":16},"end":{"line":188,"column":18}},"69":{"start":{"line":190,"column":12},"end":{"line":192,"column":14}},"70":{"start":{"line":197,"column":8},"end":{"line":252,"column":9}},"71":{"start":{"line":198,"column":29},"end":{"line":198,"column":58}},"72":{"start":{"line":199,"column":33},"end":{"line":199,"column":66}},"73":{"start":{"line":201,"column":32},"end":{"line":201,"column":77}},"74":{"start":{"line":202,"column":31},"end":{"line":202,"column":33}},"75":{"start":{"line":203,"column":29},"end":{"line":203,"column":31}},"76":{"start":{"line":205,"column":29},"end":{"line":209,"column":14}},"77":{"start":{"line":211,"column":12},"end":{"line":211,"column":65}},"78":{"start":{"line":212,"column":26},"end":{"line":212,"column":98}},"79":{"start":{"line":213,"column":12},"end":{"line":213,"column":40}},"80":{"start":{"line":214,"column":12},"end":{"line":216,"column":14}},"81":{"start":{"line":215,"column":16},"end":{"line":215,"column":44}},"82":{"start":{"line":218,"column":35},"end":{"line":222,"column":14}},"83":{"start":{"line":224,"column":12},"end":{"line":224,"column":59}},"84":{"start":{"line":225,"column":12},"end":{"line":227,"column":14}},"85":{"start":{"line":226,"column":16},"end":{"line":226,"column":42}},"86":{"start":{"line":229,"column":24},"end":{"line":238,"column":14}},"87":{"start":{"line":230,"column":16},"end":{"line":237,"column":17}},"88":{"start":{"line":240,"column":12},"end":{"line":240,"column":27}},"89":{"start":{"line":243,"column":12},"end":{"line":243,"column":31}},"90":{"start":{"line":244,"column":12},"end":{"line":248,"column":13}},"91":{"start":{"line":245,"column":16},"end":{"line":247,"column":18}},"92":{"start":{"line":249,"column":12},"end":{"line":251,"column":14}},"93":{"start":{"line":256,"column":8},"end":{"line":300,"column":9}},"94":{"start":{"line":257,"column":31},"end":{"line":257,"column":39}},"95":{"start":{"line":258,"column":12},"end":{"line":288,"column":13}},"96":{"start":{"line":259,"column":33},"end":{"line":259,"column":62}},"97":{"start":{"line":260,"column":37},"end":{"line":260,"column":70}},"98":{"start":{"line":262,"column":36},"end":{"line":262,"column":81}},"99":{"start":{"line":263,"column":33},"end":{"line":267,"column":18}},"100":{"start":{"line":269,"column":16},"end":{"line":269,"column":69}},"101":{"start":{"line":271,"column":39},"end":{"line":275,"column":18}},"102":{"start":{"line":276,"column":33},"end":{"line":276,"column":57}},"103":{"start":{"line":277,"column":32},"end":{"line":277,"column":92}},"104":{"start":{"line":282,"column":16},"end":{"line":284,"column":18}},"105":{"start":{"line":286,"column":16},"end":{"line":286,"column":75}},"106":{"start":{"line":291,"column":12},"end":{"line":295,"column":13}},"107":{"start":{"line":292,"column":16},"end":{"line":294,"column":18}},"108":{"start":{"line":296,"column":12},"end":{"line":298,"column":14}},"109":{"start":{"line":299,"column":12},"end":{"line":299,"column":31}},"110":{"start":{"line":304,"column":0},"end":{"line":304,"column":31}}},"fnMap":{"0":{"name":"(anonymous_0)","decl":{"start":{"line":6,"column":4},"end":{"line":6,"column":5}},"loc":{"start":{"line":6,"column":52},"end":{"line":58,"column":5}},"line":6},"1":{"name":"(anonymous_1)","decl":{"start":{"line":60,"column":4},"end":{"line":60,"column":5}},"loc":{"start":{"line":60,"column":50},"end":{"line":100,"column":5}},"line":60},"2":{"name":"(anonymous_2)","decl":{"start":{"line":77,"column":46},"end":{"line":77,"column":47}},"loc":{"start":{"line":77,"column":56},"end":{"line":86,"column":13}},"line":77},"3":{"name":"(anonymous_3)","decl":{"start":{"line":102,"column":4},"end":{"line":102,"column":5}},"loc":{"start":{"line":102,"column":51},"end":{"line":140,"column":5}},"line":102},"4":{"name":"(anonymous_4)","decl":{"start":{"line":118,"column":48},"end":{"line":118,"column":49}},"loc":{"start":{"line":118,"column":60},"end":{"line":125,"column":13}},"line":118},"5":{"name":"(anonymous_5)","decl":{"start":{"line":142,"column":4},"end":{"line":142,"column":5}},"loc":{"start":{"line":142,"column":60},"end":{"line":194,"column":5}},"line":142},"6":{"name":"(anonymous_6)","decl":{"start":{"line":160,"column":23},"end":{"line":160,"column":24}},"loc":{"start":{"line":160,"column":34},"end":{"line":162,"column":13}},"line":160},"7":{"name":"(anonymous_7)","decl":{"start":{"line":170,"column":44},"end":{"line":170,"column":45}},"loc":{"start":{"line":170,"column":54},"end":{"line":179,"column":13}},"line":170},"8":{"name":"(anonymous_8)","decl":{"start":{"line":196,"column":4},"end":{"line":196,"column":5}},"loc":{"start":{"line":196,"column":61},"end":{"line":253,"column":5}},"line":196},"9":{"name":"(anonymous_9)","decl":{"start":{"line":214,"column":24},"end":{"line":214,"column":25}},"loc":{"start":{"line":214,"column":36},"end":{"line":216,"column":13}},"line":214},"10":{"name":"(anonymous_10)","decl":{"start":{"line":225,"column":33},"end":{"line":225,"column":34}},"loc":{"start":{"line":225,"column":44},"end":{"line":227,"column":13}},"line":225},"11":{"name":"(anonymous_11)","decl":{"start":{"line":229,"column":45},"end":{"line":229,"column":46}},"loc":{"start":{"line":229,"column":55},"end":{"line":238,"column":13}},"line":229},"12":{"name":"(anonymous_12)","decl":{"start":{"line":255,"column":4},"end":{"line":255,"column":5}},"loc":{"start":{"line":255,"column":53},"end":{"line":301,"column":5}},"line":255}},"branchMap":{"0":{"loc":{"start":{"line":22,"column":12},"end":{"line":27,"column":13}},"type":"if","locations":[{"start":{"line":22,"column":12},"end":{"line":27,"column":13}},{"start":{},"end":{}}],"line":22},"1":{"loc":{"start":{"line":31,"column":12},"end":{"line":36,"column":13}},"type":"if","locations":[{"start":{"line":31,"column":12},"end":{"line":36,"column":13}},{"start":{},"end":{}}],"line":31},"2":{"loc":{"start":{"line":42,"column":12},"end":{"line":46,"column":13}},"type":"if","locations":[{"start":{"line":42,"column":12},"end":{"line":46,"column":13}},{"start":{},"end":{}}],"line":42},"3":{"loc":{"start":{"line":48,"column":12},"end":{"line":52,"column":13}},"type":"if","locations":[{"start":{"line":48,"column":12},"end":{"line":52,"column":13}},{"start":{},"end":{}}],"line":48},"4":{"loc":{"start":{"line":91,"column":12},"end":{"line":95,"column":13}},"type":"if","locations":[{"start":{"line":91,"column":12},"end":{"line":95,"column":13}},{"start":{},"end":{}}],"line":91},"5":{"loc":{"start":{"line":131,"column":12},"end":{"line":135,"column":13}},"type":"if","locations":[{"start":{"line":131,"column":12},"end":{"line":135,"column":13}},{"start":{},"end":{}}],"line":131},"6":{"loc":{"start":{"line":185,"column":12},"end":{"line":189,"column":13}},"type":"if","locations":[{"start":{"line":185,"column":12},"end":{"line":189,"column":13}},{"start":{},"end":{}}],"line":185},"7":{"loc":{"start":{"line":244,"column":12},"end":{"line":248,"column":13}},"type":"if","locations":[{"start":{"line":244,"column":12},"end":{"line":248,"column":13}},{"start":{},"end":{}}],"line":244},"8":{"loc":{"start":{"line":258,"column":12},"end":{"line":288,"column":13}},"type":"if","locations":[{"start":{"line":258,"column":12},"end":{"line":288,"column":13}},{"start":{"line":285,"column":19},"end":{"line":288,"column":13}}],"line":258},"9":{"loc":{"start":{"line":291,"column":12},"end":{"line":295,"column":13}},"type":"if","locations":[{"start":{"line":291,"column":12},"end":{"line":295,"column":13}},{"start":{},"end":{}}],"line":291}},"s":{"0":5,"1":5,"2":5,"3":0,"4":0,"5":0,"6":0,"7":0,"8":0,"9":0,"10":0,"11":0,"12":0,"13":0,"14":0,"15":0,"16":0,"17":0,"18":0,"19":0,"20":0,"21":0,"22":2,"23":2,"24":2,"25":2,"26":2,"27":2,"28":2,"29":1,"30":10,"31":1,"32":1,"33":1,"34":1,"35":0,"36":2,"37":2,"38":2,"39":2,"40":2,"41":2,"42":2,"43":1,"44":10,"45":1,"46":1,"47":1,"48":1,"49":0,"50":2,"51":2,"52":2,"53":2,"54":2,"55":2,"56":2,"57":2,"58":1,"59":1,"60":5,"61":1,"62":1,"63":1,"64":10,"65":1,"66":1,"67":1,"68":1,"69":0,"70":2,"71":2,"72":2,"73":2,"74":2,"75":2,"76":2,"77":2,"78":2,"79":1,"80":1,"81":5,"82":1,"83":1,"84":1,"85":10,"86":1,"87":10,"88":1,"89":1,"90":1,"91":1,"92":0,"93":0,"94":0,"95":0,"96":0,"97":0,"98":0,"99":0,"100":0,"101":0,"102":0,"103":0,"104":0,"105":0,"106":0,"107":0,"108":0,"109":0,"110":5},"f":{"0":0,"1":2,"2":10,"3":2,"4":10,"5":2,"6":5,"7":10,"8":2,"9":5,"10":10,"11":10,"12":0},"b":{"0":[0,0],"1":[0,0],"2":[0,0],"3":[0,0],"4":[1,0],"5":[1,0],"6":[1,0],"7":[1,0],"8":[0,0],"9":[0,0]},"_coverageSchema":"1a1c01bbd47fc00a2c39e90264f33305004495a9","hash":"fb6b3a31833df5d575b8c7f634aeebd2d4a3774d"}
,"D:\\Rafi\\Hacktiv8\\phase-2\\Week3\\Day1\\IP-HCK65\\server\\models\\index.js": {"path":"D:\\Rafi\\Hacktiv8\\phase-2\\Week3\\Day1\\IP-HCK65\\server\\models\\index.js","statementMap":{"0":{"start":{"line":3,"column":11},"end":{"line":3,"column":24}},"1":{"start":{"line":4,"column":13},"end":{"line":4,"column":28}},"2":{"start":{"line":5,"column":18},"end":{"line":5,"column":38}},"3":{"start":{"line":6,"column":16},"end":{"line":6,"column":34}},"4":{"start":{"line":7,"column":17},"end":{"line":7,"column":42}},"5":{"start":{"line":8,"column":12},"end":{"line":8,"column":49}},"6":{"start":{"line":9,"column":15},"end":{"line":9,"column":65}},"7":{"start":{"line":10,"column":11},"end":{"line":10,"column":13}},"8":{"start":{"line":13,"column":0},"end":{"line":17,"column":1}},"9":{"start":{"line":14,"column":2},"end":{"line":14,"column":74}},"10":{"start":{"line":16,"column":2},"end":{"line":16,"column":87}},"11":{"start":{"line":19,"column":0},"end":{"line":32,"column":5}},"12":{"start":{"line":22,"column":4},"end":{"line":27,"column":6}},"13":{"start":{"line":30,"column":18},"end":{"line":30,"column":85}},"14":{"start":{"line":31,"column":4},"end":{"line":31,"column":27}},"15":{"start":{"line":34,"column":0},"end":{"line":38,"column":3}},"16":{"start":{"line":35,"column":2},"end":{"line":37,"column":3}},"17":{"start":{"line":36,"column":4},"end":{"line":36,"column":32}},"18":{"start":{"line":40,"column":0},"end":{"line":40,"column":25}},"19":{"start":{"line":41,"column":0},"end":{"line":41,"column":25}},"20":{"start":{"line":43,"column":0},"end":{"line":43,"column":20}}},"fnMap":{"0":{"name":"(anonymous_0)","decl":{"start":{"line":21,"column":10},"end":{"line":21,"column":11}},"loc":{"start":{"line":21,"column":18},"end":{"line":28,"column":3}},"line":21},"1":{"name":"(anonymous_1)","decl":{"start":{"line":29,"column":11},"end":{"line":29,"column":12}},"loc":{"start":{"line":29,"column":19},"end":{"line":32,"column":3}},"line":29},"2":{"name":"(anonymous_2)","decl":{"start":{"line":34,"column":24},"end":{"line":34,"column":25}},"loc":{"start":{"line":34,"column":37},"end":{"line":38,"column":1}},"line":34}},"branchMap":{"0":{"loc":{"start":{"line":8,"column":12},"end":{"line":8,"column":49}},"type":"binary-expr","locations":[{"start":{"line":8,"column":12},"end":{"line":8,"column":32}},{"start":{"line":8,"column":36},"end":{"line":8,"column":49}}],"line":8},"1":{"loc":{"start":{"line":13,"column":0},"end":{"line":17,"column":1}},"type":"if","locations":[{"start":{"line":13,"column":0},"end":{"line":17,"column":1}},{"start":{"line":15,"column":7},"end":{"line":17,"column":1}}],"line":13},"2":{"loc":{"start":{"line":23,"column":6},"end":{"line":26,"column":37}},"type":"binary-expr","locations":[{"start":{"line":23,"column":6},"end":{"line":23,"column":29}},{"start":{"line":24,"column":6},"end":{"line":24,"column":23}},{"start":{"line":25,"column":6},"end":{"line":25,"column":30}},{"start":{"line":26,"column":6},"end":{"line":26,"column":37}}],"line":23},"3":{"loc":{"start":{"line":35,"column":2},"end":{"line":37,"column":3}},"type":"if","locations":[{"start":{"line":35,"column":2},"end":{"line":37,"column":3}},{"start":{},"end":{}}],"line":35}},"s":{"0":5,"1":5,"2":5,"3":5,"4":5,"5":5,"6":5,"7":5,"8":5,"9":0,"10":5,"11":5,"12":10,"13":5,"14":5,"15":5,"16":5,"17":5,"18":5,"19":5,"20":5},"f":{"0":10,"1":5,"2":5},"b":{"0":[5,0],"1":[0,5],"2":[10,10,5,5],"3":[5,0]},"_coverageSchema":"1a1c01bbd47fc00a2c39e90264f33305004495a9","hash":"aaac1e9621cf31bc9076b98619b79796e270ad85"}
,"D:\\Rafi\\Hacktiv8\\phase-2\\Week3\\Day1\\IP-HCK65\\server\\models\\user.js": {"path":"D:\\Rafi\\Hacktiv8\\phase-2\\Week3\\Day1\\IP-HCK65\\server\\models\\user.js","statementMap":{"0":{"start":{"line":4,"column":4},"end":{"line":4,"column":24}},"1":{"start":{"line":5,"column":0},"end":{"line":49,"column":2}},"2":{"start":{"line":16,"column":2},"end":{"line":47,"column":5}},"3":{"start":{"line":48,"column":2},"end":{"line":48,"column":14}}},"fnMap":{"0":{"name":"(anonymous_0)","decl":{"start":{"line":5,"column":17},"end":{"line":5,"column":18}},"loc":{"start":{"line":5,"column":43},"end":{"line":49,"column":1}},"line":5},"1":{"name":"(anonymous_1)","decl":{"start":{"line":12,"column":4},"end":{"line":12,"column":5}},"loc":{"start":{"line":12,"column":29},"end":{"line":14,"column":5}},"line":12}},"branchMap":{},"s":{"0":5,"1":5,"2":5,"3":5},"f":{"0":5,"1":5},"b":{},"_coverageSchema":"1a1c01bbd47fc00a2c39e90264f33305004495a9","hash":"725a2b0025b0d9df78977c417d4279ca47dd857b"}
,"D:\\Rafi\\Hacktiv8\\phase-2\\Week3\\Day1\\IP-HCK65\\server\\routers\\auth.js": {"path":"D:\\Rafi\\Hacktiv8\\phase-2\\Week3\\Day1\\IP-HCK65\\server\\routers\\auth.js","statementMap":{"0":{"start":{"line":1,"column":16},"end":{"line":1,"column":34}},"1":{"start":{"line":2,"column":23},"end":{"line":2,"column":63}},"2":{"start":{"line":3,"column":13},"end":{"line":3,"column":29}},"3":{"start":{"line":5,"column":0},"end":{"line":5,"column":60}},"4":{"start":{"line":6,"column":0},"end":{"line":6,"column":65}},"5":{"start":{"line":8,"column":0},"end":{"line":8,"column":21}}},"fnMap":{},"branchMap":{},"s":{"0":5,"1":5,"2":5,"3":5,"4":5,"5":5},"f":{},"b":{},"_coverageSchema":"1a1c01bbd47fc00a2c39e90264f33305004495a9","hash":"c764ec7bf05c9a39ab06b518a457d95f8ba63104"}
,"D:\\Rafi\\Hacktiv8\\phase-2\\Week3\\Day1\\IP-HCK65\\server\\routers\\index.js": {"path":"D:\\Rafi\\Hacktiv8\\phase-2\\Week3\\Day1\\IP-HCK65\\server\\routers\\index.js","statementMap":{"0":{"start":{"line":1,"column":16},"end":{"line":1,"column":34}},"1":{"start":{"line":2,"column":14},"end":{"line":2,"column":32}},"2":{"start":{"line":3,"column":13},"end":{"line":3,"column":30}},"3":{"start":{"line":4,"column":15},"end":{"line":4,"column":31}},"4":{"start":{"line":6,"column":0},"end":{"line":6,"column":27}},"5":{"start":{"line":7,"column":0},"end":{"line":7,"column":25}},"6":{"start":{"line":9,"column":0},"end":{"line":9,"column":23}}},"fnMap":{},"branchMap":{},"s":{"0":5,"1":5,"2":5,"3":5,"4":5,"5":5,"6":5},"f":{},"b":{},"_coverageSchema":"1a1c01bbd47fc00a2c39e90264f33305004495a9","hash":"9a7ea71df9a01274a7d8fc443b0c02afc4623d6c"}
,"D:\\Rafi\\Hacktiv8\\phase-2\\Week3\\Day1\\IP-HCK65\\server\\routers\\users.js": {"path":"D:\\Rafi\\Hacktiv8\\phase-2\\Week3\\Day1\\IP-HCK65\\server\\routers\\users.js","statementMap":{"0":{"start":{"line":1,"column":16},"end":{"line":1,"column":34}},"1":{"start":{"line":2,"column":23},"end":{"line":2,"column":63}},"2":{"start":{"line":3,"column":14},"end":{"line":3,"column":30}},"3":{"start":{"line":5,"column":0},"end":{"line":5,"column":59}},"4":{"start":{"line":6,"column":0},"end":{"line":6,"column":56}},"5":{"start":{"line":7,"column":0},"end":{"line":7,"column":58}},"6":{"start":{"line":8,"column":0},"end":{"line":8,"column":75}},"7":{"start":{"line":9,"column":0},"end":{"line":9,"column":77}},"8":{"start":{"line":10,"column":0},"end":{"line":10,"column":60}},"9":{"start":{"line":12,"column":0},"end":{"line":12,"column":22}}},"fnMap":{},"branchMap":{},"s":{"0":5,"1":5,"2":5,"3":5,"4":5,"5":5,"6":5,"7":5,"8":5,"9":5},"f":{},"b":{},"_coverageSchema":"1a1c01bbd47fc00a2c39e90264f33305004495a9","hash":"81bbe2f03ef8691677e84b20f38e98f8f3f01738"}
}
