TN:
SF:app.js
FNF:0
FNH:0
DA:1,10
DA:2,10
DA:5,10
DA:6,10
DA:7,10
DA:12,10
DA:13,10
DA:15,10
DA:16,10
DA:18,10
DA:19,10
DA:24,10
DA:31,10
DA:32,10
LF:14
LH:14
BRDA:1,0,0,10
BRDA:1,0,1,0
BRF:2
BRH:1
end_of_record
TN:
SF:controllers/authController.js
FN:11,(anonymous_0)
FN:39,(anonymous_1)
FN:61,(anonymous_2)
FN:78,(anonymous_3)
FN:103,(anonymous_4)
FN:122,(anonymous_5)
FNF:6
FNH:4
FNDA:5,(anonymous_0)
FNDA:5,(anonymous_1)
FNDA:1,(anonymous_2)
FNDA:1,(anonymous_3)
FNDA:0,(anonymous_4)
FNDA:0,(anonymous_5)
DA:1,10
DA:2,10
DA:3,10
DA:4,10
DA:6,10
DA:7,10
DA:12,5
DA:13,5
DA:14,5
DA:15,5
DA:16,5
DA:17,5
DA:19,5
DA:21,1
DA:26,1
DA:27,1
DA:29,0
DA:33,0
DA:35,5
DA:40,5
DA:41,5
DA:42,5
DA:43,5
DA:44,5
DA:45,5
DA:47,3
DA:48,3
DA:50,2
DA:51,2
DA:53,1
DA:55,1
DA:57,4
DA:62,1
DA:63,1
DA:64,1
DA:73,0
DA:79,1
DA:80,1
DA:81,1
DA:83,1
DA:93,1
DA:97,1
DA:99,0
DA:104,0
DA:105,0
DA:107,0
DA:113,0
DA:115,0
DA:117,0
DA:123,0
DA:124,0
DA:125,0
DA:126,0
DA:130,0
DA:132,0
DA:141,0
DA:143,0
DA:145,0
DA:150,10
LF:59
LH:40
BRDA:15,0,0,2
BRDA:15,0,1,3
BRDA:16,1,0,2
BRDA:16,1,1,3
BRDA:17,2,0,0
BRDA:17,2,1,5
BRDA:19,3,0,4
BRDA:19,3,1,1
BRDA:26,4,0,1
BRDA:26,4,1,0
BRDA:43,5,0,1
BRDA:43,5,1,4
BRDA:44,6,0,1
BRDA:44,6,1,4
BRDA:45,7,0,2
BRDA:45,7,1,3
BRDA:48,8,0,1
BRDA:48,8,1,2
BRDA:51,9,0,1
BRDA:51,9,1,1
BRF:20
BRH:18
end_of_record
TN:
SF:controllers/balanceHistoryController.js
FN:8,(anonymous_0)
FN:22,(anonymous_1)
FNF:2
FNH:2
FNDA:1,(anonymous_0)
FNDA:1,(anonymous_1)
DA:1,10
DA:3,10
DA:4,10
DA:9,1
DA:10,1
DA:15,1
DA:17,0
DA:23,1
DA:24,1
DA:25,1
DA:26,0
DA:27,0
DA:28,0
DA:29,0
DA:33,0
DA:40,0
DA:41,0
DA:43,1
DA:49,10
LF:19
LH:11
BRF:0
BRH:0
end_of_record
TN:
SF:controllers/campaignController.js
FN:9,(anonymous_0)
FN:21,(anonymous_1)
FN:43,(anonymous_2)
FN:56,(anonymous_3)
FN:97,(anonymous_4)
FN:113,(anonymous_5)
FNF:6
FNH:6
FNDA:1,(anonymous_0)
FNDA:1,(anonymous_1)
FNDA:2,(anonymous_2)
FNDA:4,(anonymous_3)
FNDA:2,(anonymous_4)
FNDA:1,(anonymous_5)
DA:1,10
DA:2,10
DA:4,10
DA:5,10
DA:10,1
DA:11,1
DA:13,1
DA:17,0
DA:22,1
DA:23,1
DA:24,1
DA:25,1
DA:26,1
DA:36,1
DA:38,0
DA:44,2
DA:45,2
DA:46,2
DA:50,2
DA:52,0
DA:57,4
DA:58,4
DA:60,4
DA:61,4
DA:63,4
DA:64,4
DA:65,4
DA:66,4
DA:68,4
DA:70,3
DA:76,3
DA:78,2
DA:80,2
DA:90,2
DA:92,2
DA:98,2
DA:99,2
DA:100,2
DA:102,2
DA:104,1
DA:106,1
DA:108,1
DA:114,1
DA:115,1
DA:123,1
DA:128,1
DA:129,1
DA:130,0
DA:131,0
DA:132,0
DA:133,0
DA:135,0
DA:137,0
DA:138,0
DA:139,0
DA:140,0
DA:142,0
DA:149,0
DA:152,0
DA:154,0
DA:162,0
DA:163,0
DA:166,1
DA:171,10
LF:64
LH:46
BRDA:63,0,0,1
BRDA:63,0,1,3
BRDA:64,1,0,1
BRDA:64,1,1,3
BRDA:65,2,0,0
BRDA:65,2,1,4
BRDA:66,3,0,0
BRDA:66,3,1,4
BRDA:66,4,0,4
BRDA:66,4,1,4
BRDA:66,4,2,4
BRDA:68,5,0,1
BRDA:68,5,1,3
BRDA:76,6,0,1
BRDA:76,6,1,2
BRDA:102,7,0,1
BRDA:102,7,1,1
BRDA:137,8,0,0
BRDA:137,8,1,0
BRDA:139,9,0,0
BRDA:139,9,1,0
BRF:21
BRH:15
end_of_record
TN:
SF:helpers/index.js
FN:3,(anonymous_0)
FN:6,(anonymous_1)
FNF:2
FNH:2
FNDA:21,(anonymous_0)
FNDA:2,(anonymous_1)
DA:1,10
DA:2,10
DA:3,10
DA:4,21
DA:6,10
DA:7,2
DA:10,10
LF:7
LH:7
BRF:0
BRH:0
end_of_record
TN:
SF:helpers/jwt.js
FN:5,(anonymous_0)
FN:8,(anonymous_1)
FNF:2
FNH:2
FNDA:11,(anonymous_0)
FNDA:20,(anonymous_1)
DA:1,10
DA:2,10
DA:5,10
DA:6,11
DA:8,10
DA:9,20
DA:11,10
LF:7
LH:7
BRF:0
BRH:0
end_of_record
TN:
SF:middlewares/authentication.js
FN:4,authentication
FNF:1
FNH:1
FNDA:25,authentication
DA:1,10
DA:2,10
DA:4,10
DA:5,25
DA:6,25
DA:8,25
DA:9,20
DA:10,20
DA:12,20
DA:13,15
DA:15,15
DA:16,15
DA:17,15
DA:19,10
LF:14
LH:14
BRDA:8,0,0,5
BRDA:8,0,1,20
BRDA:9,1,0,0
BRDA:9,1,1,20
BRDA:15,2,0,0
BRDA:15,2,1,15
BRF:6
BRH:4
end_of_record
TN:
SF:middlewares/errorHandler.js
FN:1,(anonymous_0)
FN:9,(anonymous_1)
FNF:2
FNH:1
FNDA:24,(anonymous_0)
FNDA:0,(anonymous_1)
DA:1,10
DA:2,24
DA:3,24
DA:5,24
DA:8,0
DA:9,0
DA:10,0
DA:13,8
DA:14,8
DA:15,8
DA:19,12
DA:20,5
DA:22,12
DA:23,12
DA:24,12
DA:28,0
DA:29,0
DA:30,0
DA:33,2
DA:34,2
DA:35,2
DA:39,24
LF:22
LH:16
BRDA:5,0,0,0
BRDA:5,0,1,0
BRDA:5,0,2,8
BRDA:5,0,3,5
BRDA:5,0,4,12
BRDA:5,0,5,0
BRDA:5,0,6,2
BRDA:8,1,0,0
BRDA:8,1,1,0
BRDA:13,2,0,8
BRDA:13,2,1,7
BRDA:14,3,0,8
BRDA:14,3,1,0
BRDA:19,4,0,5
BRDA:19,4,1,7
BRDA:22,5,0,12
BRDA:22,5,1,7
BRDA:23,6,0,12
BRDA:23,6,1,5
BRDA:28,7,0,0
BRDA:28,7,1,0
BRDA:29,8,0,0
BRDA:29,8,1,0
BRDA:33,9,0,2
BRDA:33,9,1,0
BRDA:34,10,0,2
BRDA:34,10,1,0
BRF:27
BRH:15
end_of_record
TN:
SF:models/balancehistory.js
FN:5,(anonymous_0)
FN:12,(anonymous_1)
FNF:2
FNH:2
FNDA:10,(anonymous_0)
FNDA:10,(anonymous_1)
DA:4,10
DA:5,10
DA:13,10
DA:20,10
DA:28,10
LF:5
LH:5
BRF:0
BRH:0
end_of_record
TN:
SF:models/campaign.js
FN:5,(anonymous_0)
FN:12,(anonymous_1)
FNF:2
FNH:2
FNDA:10,(anonymous_0)
FNDA:10,(anonymous_1)
DA:4,10
DA:5,10
DA:13,10
DA:18,10
DA:30,10
LF:5
LH:5
BRF:0
BRH:0
end_of_record
TN:
SF:models/index.js
FN:21,(anonymous_0)
FN:29,(anonymous_1)
FN:34,(anonymous_2)
FNF:3
FNH:3
FNDA:50,(anonymous_0)
FNDA:40,(anonymous_1)
FNDA:40,(anonymous_2)
DA:3,10
DA:4,10
DA:5,10
DA:6,10
DA:7,10
DA:8,10
DA:9,10
DA:10,10
DA:13,10
DA:14,0
DA:16,10
DA:19,10
DA:22,50
DA:30,40
DA:31,40
DA:34,10
DA:35,40
DA:36,40
DA:40,10
DA:41,10
DA:43,10
LF:21
LH:20
BRDA:8,0,0,10
BRDA:8,0,1,0
BRDA:13,1,0,0
BRDA:13,1,1,10
BRDA:23,2,0,50
BRDA:23,2,1,50
BRDA:23,2,2,40
BRDA:23,2,3,40
BRDA:35,3,0,40
BRDA:35,3,1,0
BRF:10
BRH:7
end_of_record
TN:
SF:models/transaction.js
FN:5,(anonymous_0)
FN:12,(anonymous_1)
FNF:2
FNH:2
FNDA:10,(anonymous_0)
FNDA:10,(anonymous_1)
DA:4,10
DA:5,10
DA:13,10
DA:16,10
DA:21,10
DA:29,10
LF:6
LH:6
BRF:0
BRH:0
end_of_record
TN:
SF:models/user.js
FN:6,(anonymous_0)
FN:13,(anonymous_1)
FN:67,(anonymous_2)
FNF:3
FNH:3
FNDA:10,(anonymous_0)
FNDA:10,(anonymous_1)
FNDA:1,(anonymous_2)
DA:4,10
DA:5,10
DA:6,10
DA:14,10
DA:21,10
DA:67,10
DA:68,1
DA:69,1
DA:73,10
LF:9
LH:9
BRDA:68,0,0,1
BRDA:68,0,1,0
BRF:2
BRH:1
end_of_record
TN:
SF:routes/balancehistories.js
FNF:0
FNH:0
DA:1,10
DA:2,10
DA:3,10
DA:5,10
DA:6,10
DA:8,10
LF:6
LH:6
BRF:0
BRH:0
end_of_record
TN:
SF:routes/index.js
FN:36,(anonymous_0)
FNF:1
FNH:0
FNDA:0,(anonymous_0)
DA:1,10
DA:3,10
DA:5,10
DA:6,10
DA:8,10
DA:9,10
DA:10,10
DA:13,10
DA:16,10
DA:17,10
DA:18,10
DA:20,10
DA:22,10
DA:23,10
DA:24,10
DA:25,10
DA:26,10
DA:27,10
DA:30,10
DA:31,10
DA:33,10
DA:34,10
DA:36,10
DA:37,0
DA:50,0
DA:52,0
DA:57,10
LF:27
LH:24
BRF:0
BRH:0
end_of_record
TN:
SF:routes/users.js
FN:5,(anonymous_0)
FNF:1
FNH:0
FNDA:0,(anonymous_0)
DA:1,10
DA:2,10
DA:5,10
DA:6,0
DA:9,10
LF:5
LH:4
BRF:0
BRH:0
end_of_record
