TN:
SF:app.js
FN:15,(anonymous_0)
FNF:1
FNH:0
FNDA:0,(anonymous_0)
DA:1,5
DA:2,5
DA:5,5
DA:6,5
DA:7,5
DA:8,5
DA:10,5
DA:11,5
DA:12,5
DA:15,5
DA:16,0
DA:18,5
DA:20,5
LF:13
LH:12
BRDA:1,0,0,5
BRDA:1,0,1,0
BRF:2
BRH:1
end_of_record
TN:
SF:controllers\ControllerAuth.js
FN:10,(anonymous_0)
FN:45,(anonymous_1)
FNF:2
FNH:0
FNDA:0,(anonymous_0)
FNDA:0,(anonymous_1)
DA:1,5
DA:2,5
DA:3,5
DA:4,5
DA:5,5
DA:6,5
DA:11,0
DA:12,0
DA:14,0
DA:15,0
DA:31,0
DA:46,0
DA:47,0
DA:48,0
DA:49,0
DA:51,0
DA:53,0
DA:59,0
DA:60,0
DA:61,0
DA:63,0
DA:65,0
DA:76,0
DA:79,0
DA:84,5
LF:25
LH:7
BRF:0
BRH:0
end_of_record
TN:
SF:controllers\ControllerUser.js
FN:6,(anonymous_0)
FN:60,(anonymous_1)
FN:77,(anonymous_2)
FN:102,(anonymous_3)
FN:119,(anonymous_4)
FN:144,(anonymous_5)
FN:162,(anonymous_6)
FN:172,(anonymous_7)
FN:198,(anonymous_8)
FN:216,(anonymous_9)
FN:227,(anonymous_10)
FN:231,(anonymous_11)
FN:257,(anonymous_12)
FNF:13
FNH:12
FNDA:2,(anonymous_0)
FNDA:2,(anonymous_1)
FNDA:10,(anonymous_2)
FNDA:2,(anonymous_3)
FNDA:10,(anonymous_4)
FNDA:2,(anonymous_5)
FNDA:5,(anonymous_6)
FNDA:10,(anonymous_7)
FNDA:2,(anonymous_8)
FNDA:5,(anonymous_9)
FNDA:10,(anonymous_10)
FNDA:10,(anonymous_11)
FNDA:0,(anonymous_12)
DA:1,5
DA:2,5
DA:3,5
DA:7,2
DA:9,2
DA:10,2
DA:11,2
DA:14,2
DA:20,2
DA:22,2
DA:23,1
DA:29,1
DA:30,1
DA:31,1
DA:32,0
DA:38,1
DA:41,1
DA:42,1
DA:43,1
DA:48,0
DA:49,0
DA:54,0
DA:61,2
DA:62,2
DA:63,2
DA:65,2
DA:67,2
DA:73,2
DA:76,2
DA:77,1
DA:78,10
DA:87,1
DA:90,1
DA:91,1
DA:92,1
DA:96,0
DA:103,2
DA:104,2
DA:105,2
DA:107,2
DA:109,2
DA:115,2
DA:117,2
DA:119,1
DA:120,10
DA:128,1
DA:132,1
DA:133,1
DA:134,1
DA:138,0
DA:145,2
DA:146,2
DA:147,2
DA:149,2
DA:150,2
DA:152,2
DA:158,2
DA:160,2
DA:161,1
DA:162,1
DA:163,5
DA:165,1
DA:171,1
DA:172,1
DA:173,10
DA:183,1
DA:186,1
DA:187,1
DA:188,1
DA:192,0
DA:199,2
DA:200,2
DA:201,2
DA:203,2
DA:204,2
DA:205,2
DA:207,2
DA:213,2
DA:214,2
DA:215,1
DA:216,1
DA:217,5
DA:220,1
DA:226,1
DA:227,1
DA:228,10
DA:231,1
DA:232,10
DA:242,1
DA:245,1
DA:246,1
DA:247,1
DA:251,0
DA:258,0
DA:259,0
DA:260,0
DA:261,0
DA:262,0
DA:264,0
DA:265,0
DA:271,0
DA:273,0
DA:278,0
DA:279,0
DA:284,0
DA:288,0
DA:293,0
DA:294,0
DA:298,0
DA:301,0
DA:306,5
LF:111
LH:86
BRDA:22,0,0,1
BRDA:22,0,1,1
BRDA:31,1,0,0
BRDA:31,1,1,1
BRDA:42,2,0,1
BRDA:42,2,1,0
BRDA:48,3,0,0
BRDA:48,3,1,0
BRDA:91,4,0,1
BRDA:91,4,1,0
BRDA:133,5,0,1
BRDA:133,5,1,0
BRDA:187,6,0,1
BRDA:187,6,1,0
BRDA:246,7,0,1
BRDA:246,7,1,0
BRDA:260,8,0,0
BRDA:260,8,1,0
BRDA:293,9,0,0
BRDA:293,9,1,0
BRF:20
BRH:8
end_of_record
TN:
SF:models\index.js
FN:21,(anonymous_0)
FN:29,(anonymous_1)
FN:34,(anonymous_2)
FNF:3
FNH:3
FNDA:10,(anonymous_0)
FNDA:5,(anonymous_1)
FNDA:5,(anonymous_2)
DA:3,5
DA:4,5
DA:5,5
DA:6,5
DA:7,5
DA:8,5
DA:9,5
DA:10,5
DA:13,5
DA:14,0
DA:16,5
DA:19,5
DA:22,10
DA:30,5
DA:31,5
DA:34,5
DA:35,5
DA:36,5
DA:40,5
DA:41,5
DA:43,5
LF:21
LH:20
BRDA:8,0,0,5
BRDA:8,0,1,0
BRDA:13,1,0,0
BRDA:13,1,1,5
BRDA:23,2,0,10
BRDA:23,2,1,10
BRDA:23,2,2,5
BRDA:23,2,3,5
BRDA:35,3,0,5
BRDA:35,3,1,0
BRF:10
BRH:7
end_of_record
TN:
SF:models\user.js
FN:5,(anonymous_0)
FN:12,(anonymous_1)
FNF:2
FNH:2
FNDA:5,(anonymous_0)
FNDA:5,(anonymous_1)
DA:4,5
DA:5,5
DA:16,5
DA:48,5
LF:4
LH:4
BRF:0
BRH:0
end_of_record
TN:
SF:routers\auth.js
FNF:0
FNH:0
DA:1,5
DA:2,5
DA:3,5
DA:5,5
DA:6,5
DA:8,5
LF:6
LH:6
BRF:0
BRH:0
end_of_record
TN:
SF:routers\index.js
FNF:0
FNH:0
DA:1,5
DA:2,5
DA:3,5
DA:4,5
DA:6,5
DA:7,5
DA:9,5
LF:7
LH:7
BRF:0
BRH:0
end_of_record
TN:
SF:routers\users.js
FNF:0
FNH:0
DA:1,5
DA:2,5
DA:3,5
DA:5,5
DA:6,5
DA:7,5
DA:8,5
DA:9,5
DA:10,5
DA:12,5
LF:10
LH:10
BRF:0
BRH:0
end_of_record
