{"E:\\Radityo Prakoso\\Hacktiv8\\phase_2\\week3\\Iproj\\IP-HCK65\\server-ip-koso\\app.js": {"path":"E:\\Radityo Prakoso\\Hacktiv8\\phase_2\\week3\\Iproj\\IP-HCK65\\server-ip-koso\\app.js","statementMap":{"0":{"start":{"line":1,"column":0},"end":{"line":3,"column":3}},"1":{"start":{"line":2,"column":4},"end":{"line":2,"column":31}},"2":{"start":{"line":5,"column":18},"end":{"line":5,"column":36}},"3":{"start":{"line":6,"column":15},"end":{"line":6,"column":30}},"4":{"start":{"line":8,"column":23},"end":{"line":8,"column":59}},"5":{"start":{"line":9,"column":17},"end":{"line":9,"column":37}},"6":{"start":{"line":12,"column":14},"end":{"line":12,"column":23}},"7":{"start":{"line":14,"column":2},"end":{"line":14,"column":18}},"8":{"start":{"line":16,"column":2},"end":{"line":16,"column":50}},"9":{"start":{"line":17,"column":2},"end":{"line":17,"column":26}},"10":{"start":{"line":19,"column":2},"end":{"line":19,"column":23}},"11":{"start":{"line":21,"column":2},"end":{"line":21,"column":24}},"12":{"start":{"line":23,"column":2},"end":{"line":23,"column":23}}},"fnMap":{},"branchMap":{"0":{"loc":{"start":{"line":1,"column":0},"end":{"line":3,"column":3}},"type":"if","locations":[{"start":{"line":1,"column":0},"end":{"line":3,"column":3}},{"start":{},"end":{}}],"line":1}},"s":{"0":2,"1":2,"2":2,"3":2,"4":2,"5":2,"6":2,"7":2,"8":2,"9":2,"10":2,"11":2,"12":2},"f":{},"b":{"0":[2,0]},"_coverageSchema":"1a1c01bbd47fc00a2c39e90264f33305004495a9","hash":"de31d3ff45e26a35c1ac6177841d9bfb3104c949"}
,"E:\\Radityo Prakoso\\Hacktiv8\\phase_2\\week3\\Iproj\\IP-HCK65\\server-ip-koso\\controllers\\controllerAnimes.js": {"path":"E:\\Radityo Prakoso\\Hacktiv8\\phase_2\\week3\\Iproj\\IP-HCK65\\server-ip-koso\\controllers\\controllerAnimes.js","statementMap":{"0":{"start":{"line":1,"column":20},"end":{"line":1,"column":40}},"1":{"start":{"line":5,"column":4},"end":{"line":13,"column":5}},"2":{"start":{"line":6,"column":22},"end":{"line":6,"column":31}},"3":{"start":{"line":8,"column":21},"end":{"line":8,"column":53}},"4":{"start":{"line":10,"column":6},"end":{"line":10,"column":37}},"5":{"start":{"line":12,"column":6},"end":{"line":12,"column":18}},"6":{"start":{"line":16,"column":4},"end":{"line":24,"column":5}},"7":{"start":{"line":17,"column":20},"end":{"line":17,"column":33}},"8":{"start":{"line":20,"column":21},"end":{"line":20,"column":53}},"9":{"start":{"line":21,"column":6},"end":{"line":21,"column":37}},"10":{"start":{"line":23,"column":6},"end":{"line":23,"column":18}},"11":{"start":{"line":28,"column":0},"end":{"line":28,"column":34}}},"fnMap":{"0":{"name":"(anonymous_0)","decl":{"start":{"line":4,"column":2},"end":{"line":4,"column":3}},"loc":{"start":{"line":4,"column":41},"end":{"line":14,"column":3}},"line":4},"1":{"name":"(anonymous_1)","decl":{"start":{"line":15,"column":2},"end":{"line":15,"column":3}},"loc":{"start":{"line":15,"column":40},"end":{"line":25,"column":3}},"line":15}},"branchMap":{},"s":{"0":2,"1":0,"2":0,"3":0,"4":0,"5":0,"6":0,"7":0,"8":0,"9":0,"10":0,"11":2},"f":{"0":0,"1":0},"b":{},"_coverageSchema":"1a1c01bbd47fc00a2c39e90264f33305004495a9","hash":"13ff10dab927572d851e86a97343beb4b329c41f"}
,"E:\\Radityo Prakoso\\Hacktiv8\\phase_2\\week3\\Iproj\\IP-HCK65\\server-ip-koso\\controllers\\controllerGlobal.js": {"path":"E:\\Radityo Prakoso\\Hacktiv8\\phase_2\\week3\\Iproj\\IP-HCK65\\server-ip-koso\\controllers\\controllerGlobal.js","statementMap":{"0":{"start":{"line":1,"column":14},"end":{"line":1,"column":30}},"1":{"start":{"line":4,"column":30},"end":{"line":4,"column":50}},"2":{"start":{"line":5,"column":15},"end":{"line":5,"column":63}},"3":{"start":{"line":10,"column":4},"end":{"line":15,"column":5}},"4":{"start":{"line":11,"column":21},"end":{"line":11,"column":42}},"5":{"start":{"line":12,"column":6},"end":{"line":12,"column":37}},"6":{"start":{"line":14,"column":6},"end":{"line":14,"column":18}},"7":{"start":{"line":19,"column":4},"end":{"line":25,"column":5}},"8":{"start":{"line":20,"column":19},"end":{"line":20,"column":27}},"9":{"start":{"line":21,"column":21},"end":{"line":21,"column":50}},"10":{"start":{"line":22,"column":6},"end":{"line":22,"column":37}},"11":{"start":{"line":24,"column":6},"end":{"line":24,"column":18}},"12":{"start":{"line":29,"column":4},"end":{"line":107,"column":5}},"13":{"start":{"line":30,"column":21},"end":{"line":30,"column":32}},"14":{"start":{"line":36,"column":10},"end":{"line":36,"column":18}},"15":{"start":{"line":38,"column":23},"end":{"line":40,"column":8}},"16":{"start":{"line":42,"column":18},"end":{"line":42,"column":28}},"17":{"start":{"line":43,"column":28},"end":{"line":45,"column":71}},"18":{"start":{"line":47,"column":29},"end":{"line":47,"column":63}},"19":{"start":{"line":48,"column":6},"end":{"line":48,"column":48}},"20":{"start":{"line":48,"column":21},"end":{"line":48,"column":48}},"21":{"start":{"line":51,"column":6},"end":{"line":52,"column":77}},"22":{"start":{"line":52,"column":8},"end":{"line":52,"column":77}},"23":{"start":{"line":54,"column":6},"end":{"line":104,"column":7}},"24":{"start":{"line":55,"column":29},"end":{"line":57,"column":9}},"25":{"start":{"line":59,"column":8},"end":{"line":72,"column":9}},"26":{"start":{"line":60,"column":10},"end":{"line":60,"column":58}},"27":{"start":{"line":61,"column":15},"end":{"line":72,"column":9}},"28":{"start":{"line":62,"column":10},"end":{"line":64,"column":13}},"29":{"start":{"line":65,"column":15},"end":{"line":72,"column":9}},"30":{"start":{"line":66,"column":10},"end":{"line":66,"column":55}},"31":{"start":{"line":67,"column":10},"end":{"line":67,"column":68}},"32":{"start":{"line":68,"column":10},"end":{"line":71,"column":13}},"33":{"start":{"line":74,"column":24},"end":{"line":91,"column":10}},"34":{"start":{"line":93,"column":35},"end":{"line":93,"column":45}},"35":{"start":{"line":95,"column":8},"end":{"line":100,"column":11}},"36":{"start":{"line":103,"column":8},"end":{"line":103,"column":51}},"37":{"start":{"line":106,"column":6},"end":{"line":106,"column":18}},"38":{"start":{"line":111,"column":4},"end":{"line":153,"column":5}},"39":{"start":{"line":112,"column":21},"end":{"line":112,"column":32}},"40":{"start":{"line":113,"column":23},"end":{"line":115,"column":8}},"41":{"start":{"line":117,"column":6},"end":{"line":121,"column":10}},"42":{"start":{"line":118,"column":8},"end":{"line":121,"column":10}},"43":{"start":{"line":123,"column":6},"end":{"line":124,"column":77}},"44":{"start":{"line":124,"column":8},"end":{"line":124,"column":77}},"45":{"start":{"line":126,"column":6},"end":{"line":150,"column":7}},"46":{"start":{"line":127,"column":29},"end":{"line":129,"column":9}},"47":{"start":{"line":131,"column":8},"end":{"line":143,"column":9}},"48":{"start":{"line":132,"column":10},"end":{"line":132,"column":58}},"49":{"start":{"line":133,"column":15},"end":{"line":143,"column":9}},"50":{"start":{"line":134,"column":10},"end":{"line":136,"column":13}},"51":{"start":{"line":137,"column":15},"end":{"line":143,"column":9}},"52":{"start":{"line":138,"column":10},"end":{"line":138,"column":55}},"53":{"start":{"line":139,"column":10},"end":{"line":139,"column":68}},"54":{"start":{"line":140,"column":10},"end":{"line":142,"column":13}},"55":{"start":{"line":145,"column":8},"end":{"line":145,"column":53}},"56":{"start":{"line":146,"column":8},"end":{"line":146,"column":66}},"57":{"start":{"line":147,"column":8},"end":{"line":149,"column":76}},"58":{"start":{"line":152,"column":6},"end":{"line":152,"column":18}},"59":{"start":{"line":157,"column":0},"end":{"line":157,"column":34}}},"fnMap":{"0":{"name":"(anonymous_0)","decl":{"start":{"line":9,"column":2},"end":{"line":9,"column":3}},"loc":{"start":{"line":9,"column":39},"end":{"line":16,"column":3}},"line":9},"1":{"name":"(anonymous_1)","decl":{"start":{"line":18,"column":2},"end":{"line":18,"column":3}},"loc":{"start":{"line":18,"column":44},"end":{"line":26,"column":3}},"line":18},"2":{"name":"(anonymous_2)","decl":{"start":{"line":28,"column":2},"end":{"line":28,"column":3}},"loc":{"start":{"line":28,"column":39},"end":{"line":108,"column":3}},"line":28},"3":{"name":"(anonymous_3)","decl":{"start":{"line":110,"column":2},"end":{"line":110,"column":3}},"loc":{"start":{"line":110,"column":42},"end":{"line":154,"column":3}},"line":110}},"branchMap":{"0":{"loc":{"start":{"line":48,"column":6},"end":{"line":48,"column":48}},"type":"if","locations":[{"start":{"line":48,"column":6},"end":{"line":48,"column":48}},{"start":{},"end":{}}],"line":48},"1":{"loc":{"start":{"line":51,"column":6},"end":{"line":52,"column":77}},"type":"if","locations":[{"start":{"line":51,"column":6},"end":{"line":52,"column":77}},{"start":{},"end":{}}],"line":51},"2":{"loc":{"start":{"line":54,"column":6},"end":{"line":104,"column":7}},"type":"if","locations":[{"start":{"line":54,"column":6},"end":{"line":104,"column":7}},{"start":{"line":73,"column":13},"end":{"line":104,"column":7}}],"line":54},"3":{"loc":{"start":{"line":59,"column":8},"end":{"line":72,"column":9}},"type":"if","locations":[{"start":{"line":59,"column":8},"end":{"line":72,"column":9}},{"start":{"line":61,"column":15},"end":{"line":72,"column":9}}],"line":59},"4":{"loc":{"start":{"line":61,"column":15},"end":{"line":72,"column":9}},"type":"if","locations":[{"start":{"line":61,"column":15},"end":{"line":72,"column":9}},{"start":{"line":65,"column":15},"end":{"line":72,"column":9}}],"line":61},"5":{"loc":{"start":{"line":65,"column":15},"end":{"line":72,"column":9}},"type":"if","locations":[{"start":{"line":65,"column":15},"end":{"line":72,"column":9}},{"start":{},"end":{}}],"line":65},"6":{"loc":{"start":{"line":117,"column":6},"end":{"line":121,"column":10}},"type":"if","locations":[{"start":{"line":117,"column":6},"end":{"line":121,"column":10}},{"start":{},"end":{}}],"line":117},"7":{"loc":{"start":{"line":123,"column":6},"end":{"line":124,"column":77}},"type":"if","locations":[{"start":{"line":123,"column":6},"end":{"line":124,"column":77}},{"start":{},"end":{}}],"line":123},"8":{"loc":{"start":{"line":126,"column":6},"end":{"line":150,"column":7}},"type":"if","locations":[{"start":{"line":126,"column":6},"end":{"line":150,"column":7}},{"start":{"line":144,"column":13},"end":{"line":150,"column":7}}],"line":126},"9":{"loc":{"start":{"line":131,"column":8},"end":{"line":143,"column":9}},"type":"if","locations":[{"start":{"line":131,"column":8},"end":{"line":143,"column":9}},{"start":{"line":133,"column":15},"end":{"line":143,"column":9}}],"line":131},"10":{"loc":{"start":{"line":133,"column":15},"end":{"line":143,"column":9}},"type":"if","locations":[{"start":{"line":133,"column":15},"end":{"line":143,"column":9}},{"start":{"line":137,"column":15},"end":{"line":143,"column":9}}],"line":133},"11":{"loc":{"start":{"line":137,"column":15},"end":{"line":143,"column":9}},"type":"if","locations":[{"start":{"line":137,"column":15},"end":{"line":143,"column":9}},{"start":{},"end":{}}],"line":137}},"s":{"0":2,"1":2,"2":2,"3":0,"4":0,"5":0,"6":0,"7":6,"8":6,"9":6,"10":0,"11":6,"12":0,"13":0,"14":0,"15":0,"16":0,"17":0,"18":0,"19":0,"20":0,"21":0,"22":0,"23":0,"24":0,"25":0,"26":0,"27":0,"28":0,"29":0,"30":0,"31":0,"32":0,"33":0,"34":0,"35":0,"36":0,"37":0,"38":0,"39":0,"40":0,"41":0,"42":0,"43":0,"44":0,"45":0,"46":0,"47":0,"48":0,"49":0,"50":0,"51":0,"52":0,"53":0,"54":0,"55":0,"56":0,"57":0,"58":0,"59":2},"f":{"0":0,"1":6,"2":0,"3":0},"b":{"0":[0,0],"1":[0,0],"2":[0,0],"3":[0,0],"4":[0,0],"5":[0,0],"6":[0,0],"7":[0,0],"8":[0,0],"9":[0,0],"10":[0,0],"11":[0,0]},"_coverageSchema":"1a1c01bbd47fc00a2c39e90264f33305004495a9","hash":"9aa85aee810ba4b2587339967e46ff7facfe778b"}
,"E:\\Radityo Prakoso\\Hacktiv8\\phase_2\\week3\\Iproj\\IP-HCK65\\server-ip-koso\\controllers\\controllerMyAnime.js": {"path":"E:\\Radityo Prakoso\\Hacktiv8\\phase_2\\week3\\Iproj\\IP-HCK65\\server-ip-koso\\controllers\\controllerMyAnime.js","statementMap":{"0":{"start":{"line":1,"column":20},"end":{"line":1,"column":40}},"1":{"start":{"line":5,"column":4},"end":{"line":13,"column":5}},"2":{"start":{"line":6,"column":17},"end":{"line":6,"column":28}},"3":{"start":{"line":7,"column":22},"end":{"line":7,"column":31}},"4":{"start":{"line":8,"column":21},"end":{"line":8,"column":60}},"5":{"start":{"line":10,"column":6},"end":{"line":10,"column":37}},"6":{"start":{"line":12,"column":6},"end":{"line":12,"column":18}},"7":{"start":{"line":17,"column":4},"end":{"line":26,"column":5}},"8":{"start":{"line":18,"column":22},"end":{"line":18,"column":35}},"9":{"start":{"line":20,"column":21},"end":{"line":20,"column":58}},"10":{"start":{"line":21,"column":6},"end":{"line":23,"column":9}},"11":{"start":{"line":25,"column":6},"end":{"line":25,"column":18}},"12":{"start":{"line":29,"column":4},"end":{"line":39,"column":5}},"13":{"start":{"line":30,"column":22},"end":{"line":30,"column":35}},"14":{"start":{"line":32,"column":17},"end":{"line":32,"column":28}},"15":{"start":{"line":35,"column":21},"end":{"line":35,"column":56}},"16":{"start":{"line":36,"column":6},"end":{"line":36,"column":37}},"17":{"start":{"line":38,"column":6},"end":{"line":38,"column":18}},"18":{"start":{"line":43,"column":0},"end":{"line":43,"column":35}}},"fnMap":{"0":{"name":"(anonymous_0)","decl":{"start":{"line":4,"column":2},"end":{"line":4,"column":3}},"loc":{"start":{"line":4,"column":42},"end":{"line":14,"column":3}},"line":4},"1":{"name":"(anonymous_1)","decl":{"start":{"line":16,"column":2},"end":{"line":16,"column":3}},"loc":{"start":{"line":16,"column":45},"end":{"line":27,"column":3}},"line":16},"2":{"name":"(anonymous_2)","decl":{"start":{"line":28,"column":2},"end":{"line":28,"column":3}},"loc":{"start":{"line":28,"column":38},"end":{"line":40,"column":3}},"line":28}},"branchMap":{},"s":{"0":2,"1":0,"2":0,"3":0,"4":0,"5":0,"6":0,"7":0,"8":0,"9":0,"10":0,"11":0,"12":0,"13":0,"14":0,"15":0,"16":0,"17":0,"18":2},"f":{"0":0,"1":0,"2":0},"b":{},"_coverageSchema":"1a1c01bbd47fc00a2c39e90264f33305004495a9","hash":"175fc02b5f660d63c2da282e4e1149b5b3dd129a"}
,"E:\\Radityo Prakoso\\Hacktiv8\\phase_2\\week3\\Iproj\\IP-HCK65\\server-ip-koso\\controllers\\controllerUser.js": {"path":"E:\\Radityo Prakoso\\Hacktiv8\\phase_2\\week3\\Iproj\\IP-HCK65\\server-ip-koso\\controllers\\controllerUser.js","statementMap":{"0":{"start":{"line":1,"column":17},"end":{"line":1,"column":38}},"1":{"start":{"line":2,"column":25},"end":{"line":2,"column":55}},"2":{"start":{"line":3,"column":17},"end":{"line":3,"column":34}},"3":{"start":{"line":4,"column":22},"end":{"line":4,"column":46}},"4":{"start":{"line":8,"column":4},"end":{"line":14,"column":5}},"5":{"start":{"line":9,"column":19},"end":{"line":9,"column":27}},"6":{"start":{"line":10,"column":25},"end":{"line":10,"column":47}},"7":{"start":{"line":11,"column":6},"end":{"line":11,"column":45}},"8":{"start":{"line":13,"column":6},"end":{"line":13,"column":18}},"9":{"start":{"line":17,"column":4},"end":{"line":42,"column":5}},"10":{"start":{"line":18,"column":27},"end":{"line":18,"column":54}},"11":{"start":{"line":19,"column":21},"end":{"line":19,"column":39}},"12":{"start":{"line":20,"column":21},"end":{"line":23,"column":8}},"13":{"start":{"line":24,"column":22},"end":{"line":24,"column":41}},"14":{"start":{"line":25,"column":26},"end":{"line":25,"column":39}},"15":{"start":{"line":27,"column":27},"end":{"line":27,"column":33}},"16":{"start":{"line":29,"column":30},"end":{"line":36,"column":8}},"17":{"start":{"line":38,"column":25},"end":{"line":38,"column":57}},"18":{"start":{"line":39,"column":6},"end":{"line":39,"column":45}},"19":{"start":{"line":41,"column":6},"end":{"line":41,"column":18}},"20":{"start":{"line":45,"column":4},"end":{"line":51,"column":5}},"21":{"start":{"line":46,"column":17},"end":{"line":46,"column":28}},"22":{"start":{"line":47,"column":21},"end":{"line":47,"column":45}},"23":{"start":{"line":48,"column":6},"end":{"line":48,"column":41}},"24":{"start":{"line":50,"column":6},"end":{"line":50,"column":18}},"25":{"start":{"line":54,"column":4},"end":{"line":61,"column":5}},"26":{"start":{"line":55,"column":17},"end":{"line":55,"column":25}},"27":{"start":{"line":56,"column":25},"end":{"line":56,"column":36}},"28":{"start":{"line":57,"column":21},"end":{"line":57,"column":60}},"29":{"start":{"line":58,"column":6},"end":{"line":58,"column":37}},"30":{"start":{"line":60,"column":6},"end":{"line":60,"column":18}},"31":{"start":{"line":65,"column":4},"end":{"line":70,"column":5}},"32":{"start":{"line":66,"column":23},"end":{"line":66,"column":41}},"33":{"start":{"line":67,"column":6},"end":{"line":67,"column":50}},"34":{"start":{"line":69,"column":6},"end":{"line":69,"column":18}},"35":{"start":{"line":73,"column":0},"end":{"line":73,"column":32}}},"fnMap":{"0":{"name":"(anonymous_0)","decl":{"start":{"line":7,"column":2},"end":{"line":7,"column":3}},"loc":{"start":{"line":7,"column":37},"end":{"line":15,"column":3}},"line":7},"1":{"name":"(anonymous_1)","decl":{"start":{"line":16,"column":2},"end":{"line":16,"column":3}},"loc":{"start":{"line":16,"column":43},"end":{"line":43,"column":3}},"line":16},"2":{"name":"(anonymous_2)","decl":{"start":{"line":44,"column":2},"end":{"line":44,"column":3}},"loc":{"start":{"line":44,"column":41},"end":{"line":52,"column":3}},"line":44},"3":{"name":"(anonymous_3)","decl":{"start":{"line":53,"column":2},"end":{"line":53,"column":3}},"loc":{"start":{"line":53,"column":40},"end":{"line":62,"column":3}},"line":53},"4":{"name":"(anonymous_4)","decl":{"start":{"line":64,"column":2},"end":{"line":64,"column":3}},"loc":{"start":{"line":64,"column":37},"end":{"line":71,"column":3}},"line":64}},"branchMap":{},"s":{"0":2,"1":2,"2":2,"3":2,"4":5,"5":5,"6":5,"7":0,"8":5,"9":0,"10":0,"11":0,"12":0,"13":0,"14":0,"15":0,"16":0,"17":0,"18":0,"19":0,"20":0,"21":0,"22":0,"23":0,"24":0,"25":0,"26":0,"27":0,"28":0,"29":0,"30":0,"31":0,"32":0,"33":0,"34":0,"35":2},"f":{"0":5,"1":0,"2":0,"3":0,"4":0},"b":{},"_coverageSchema":"1a1c01bbd47fc00a2c39e90264f33305004495a9","hash":"e2d7860804b6ff77b8496973b6bb8ba745b48090"}
,"E:\\Radityo Prakoso\\Hacktiv8\\phase_2\\week3\\Iproj\\IP-HCK65\\server-ip-koso\\helper\\axios.js": {"path":"E:\\Radityo Prakoso\\Hacktiv8\\phase_2\\week3\\Iproj\\IP-HCK65\\server-ip-koso\\helper\\axios.js","statementMap":{"0":{"start":{"line":1,"column":14},"end":{"line":1,"column":30}},"1":{"start":{"line":3,"column":0},"end":{"line":5,"column":3}}},"fnMap":{},"branchMap":{},"s":{"0":2,"1":2},"f":{},"b":{},"_coverageSchema":"1a1c01bbd47fc00a2c39e90264f33305004495a9","hash":"a6e77c35cddd1943ffa4e4d6031e45f94a0db57c"}
,"E:\\Radityo Prakoso\\Hacktiv8\\phase_2\\week3\\Iproj\\IP-HCK65\\server-ip-koso\\helper\\bcrypt.js": {"path":"E:\\Radityo Prakoso\\Hacktiv8\\phase_2\\week3\\Iproj\\IP-HCK65\\server-ip-koso\\helper\\bcrypt.js","statementMap":{"0":{"start":{"line":1,"column":15},"end":{"line":1,"column":34}},"1":{"start":{"line":4,"column":15},"end":{"line":4,"column":37}},"2":{"start":{"line":5,"column":15},"end":{"line":5,"column":46}},"3":{"start":{"line":6,"column":2},"end":{"line":6,"column":14}},"4":{"start":{"line":10,"column":2},"end":{"line":10,"column":48}},"5":{"start":{"line":13,"column":0},"end":{"line":13,"column":48}}},"fnMap":{"0":{"name":"hashPw","decl":{"start":{"line":3,"column":9},"end":{"line":3,"column":15}},"loc":{"start":{"line":3,"column":26},"end":{"line":7,"column":1}},"line":3},"1":{"name":"comparePwDecrypted","decl":{"start":{"line":9,"column":9},"end":{"line":9,"column":27}},"loc":{"start":{"line":9,"column":48},"end":{"line":11,"column":1}},"line":9}},"branchMap":{},"s":{"0":2,"1":8,"2":8,"3":8,"4":0,"5":2},"f":{"0":8,"1":0},"b":{},"_coverageSchema":"1a1c01bbd47fc00a2c39e90264f33305004495a9","hash":"92e34eab6f57047914c5e8ca2584f09e55021b6d"}
,"E:\\Radityo Prakoso\\Hacktiv8\\phase_2\\week3\\Iproj\\IP-HCK65\\server-ip-koso\\helper\\jwt.js": {"path":"E:\\Radityo Prakoso\\Hacktiv8\\phase_2\\week3\\Iproj\\IP-HCK65\\server-ip-koso\\helper\\jwt.js","statementMap":{"0":{"start":{"line":1,"column":12},"end":{"line":1,"column":35}},"1":{"start":{"line":3,"column":19},"end":{"line":3,"column":41}},"2":{"start":{"line":5,"column":18},"end":{"line":7,"column":1}},"3":{"start":{"line":6,"column":2},"end":{"line":6,"column":39}},"4":{"start":{"line":9,"column":20},"end":{"line":11,"column":1}},"5":{"start":{"line":10,"column":2},"end":{"line":10,"column":39}},"6":{"start":{"line":13,"column":0},"end":{"line":13,"column":44}}},"fnMap":{"0":{"name":"(anonymous_0)","decl":{"start":{"line":5,"column":18},"end":{"line":5,"column":19}},"loc":{"start":{"line":5,"column":31},"end":{"line":7,"column":1}},"line":5},"1":{"name":"(anonymous_1)","decl":{"start":{"line":9,"column":20},"end":{"line":9,"column":21}},"loc":{"start":{"line":9,"column":31},"end":{"line":11,"column":1}},"line":9}},"branchMap":{},"s":{"0":2,"1":2,"2":2,"3":0,"4":2,"5":0,"6":2},"f":{"0":0,"1":0},"b":{},"_coverageSchema":"1a1c01bbd47fc00a2c39e90264f33305004495a9","hash":"9940c6bb7837891cedcf1b62eaf6c518bba6804e"}
,"E:\\Radityo Prakoso\\Hacktiv8\\phase_2\\week3\\Iproj\\IP-HCK65\\server-ip-koso\\middleware\\authentication.js": {"path":"E:\\Radityo Prakoso\\Hacktiv8\\phase_2\\week3\\Iproj\\IP-HCK65\\server-ip-koso\\middleware\\authentication.js","statementMap":{"0":{"start":{"line":1,"column":24},"end":{"line":1,"column":48}},"1":{"start":{"line":2,"column":17},"end":{"line":2,"column":37}},"2":{"start":{"line":5,"column":2},"end":{"line":26,"column":3}},"3":{"start":{"line":6,"column":16},"end":{"line":6,"column":41}},"4":{"start":{"line":8,"column":4},"end":{"line":8,"column":48}},"5":{"start":{"line":8,"column":16},"end":{"line":8,"column":48}},"6":{"start":{"line":9,"column":21},"end":{"line":9,"column":37}},"7":{"start":{"line":11,"column":4},"end":{"line":11,"column":67}},"8":{"start":{"line":11,"column":36},"end":{"line":11,"column":67}},"9":{"start":{"line":12,"column":4},"end":{"line":12,"column":26}},"10":{"start":{"line":13,"column":18},"end":{"line":13,"column":36}},"11":{"start":{"line":15,"column":15},"end":{"line":15,"column":46}},"12":{"start":{"line":17,"column":4},"end":{"line":17,"column":46}},"13":{"start":{"line":17,"column":15},"end":{"line":17,"column":46}},"14":{"start":{"line":18,"column":4},"end":{"line":20,"column":6}},"15":{"start":{"line":22,"column":4},"end":{"line":22,"column":11}},"16":{"start":{"line":25,"column":4},"end":{"line":25,"column":16}},"17":{"start":{"line":29,"column":0},"end":{"line":29,"column":32}}},"fnMap":{"0":{"name":"isLoggedIn","decl":{"start":{"line":4,"column":15},"end":{"line":4,"column":25}},"loc":{"start":{"line":4,"column":42},"end":{"line":27,"column":1}},"line":4}},"branchMap":{"0":{"loc":{"start":{"line":8,"column":4},"end":{"line":8,"column":48}},"type":"if","locations":[{"start":{"line":8,"column":4},"end":{"line":8,"column":48}},{"start":{},"end":{}}],"line":8},"1":{"loc":{"start":{"line":11,"column":4},"end":{"line":11,"column":67}},"type":"if","locations":[{"start":{"line":11,"column":4},"end":{"line":11,"column":67}},{"start":{},"end":{}}],"line":11},"2":{"loc":{"start":{"line":17,"column":4},"end":{"line":17,"column":46}},"type":"if","locations":[{"start":{"line":17,"column":4},"end":{"line":17,"column":46}},{"start":{},"end":{}}],"line":17}},"s":{"0":2,"1":2,"2":0,"3":0,"4":0,"5":0,"6":0,"7":0,"8":0,"9":0,"10":0,"11":0,"12":0,"13":0,"14":0,"15":0,"16":0,"17":2},"f":{"0":0},"b":{"0":[0,0],"1":[0,0],"2":[0,0]},"_coverageSchema":"1a1c01bbd47fc00a2c39e90264f33305004495a9","hash":"88851f6f238c97f345ce2dd95b26774793287aa7"}
,"E:\\Radityo Prakoso\\Hacktiv8\\phase_2\\week3\\Iproj\\IP-HCK65\\server-ip-koso\\middleware\\errorHandler.js": {"path":"E:\\Radityo Prakoso\\Hacktiv8\\phase_2\\week3\\Iproj\\IP-HCK65\\server-ip-koso\\middleware\\errorHandler.js","statementMap":{"0":{"start":{"line":1,"column":0},"end":{"line":64,"column":2}},"1":{"start":{"line":10,"column":15},"end":{"line":10,"column":34}},"2":{"start":{"line":11,"column":16},"end":{"line":11,"column":56}},"3":{"start":{"line":13,"column":2},"end":{"line":60,"column":3}},"4":{"start":{"line":15,"column":6},"end":{"line":15,"column":76}},"5":{"start":{"line":16,"column":6},"end":{"line":16,"column":12}},"6":{"start":{"line":18,"column":6},"end":{"line":18,"column":68}},"7":{"start":{"line":19,"column":6},"end":{"line":19,"column":12}},"8":{"start":{"line":22,"column":21},"end":{"line":22,"column":23}},"9":{"start":{"line":23,"column":6},"end":{"line":25,"column":9}},"10":{"start":{"line":24,"column":8},"end":{"line":24,"column":26}},"11":{"start":{"line":26,"column":6},"end":{"line":30,"column":7}},"12":{"start":{"line":27,"column":8},"end":{"line":27,"column":30}},"13":{"start":{"line":29,"column":8},"end":{"line":29,"column":27}},"14":{"start":{"line":31,"column":6},"end":{"line":31,"column":19}},"15":{"start":{"line":32,"column":6},"end":{"line":32,"column":12}},"16":{"start":{"line":34,"column":6},"end":{"line":34,"column":72}},"17":{"start":{"line":35,"column":6},"end":{"line":35,"column":12}},"18":{"start":{"line":37,"column":6},"end":{"line":39,"column":93}},"19":{"start":{"line":40,"column":6},"end":{"line":40,"column":12}},"20":{"start":{"line":42,"column":6},"end":{"line":42,"column":51}},"21":{"start":{"line":43,"column":6},"end":{"line":43,"column":12}},"22":{"start":{"line":45,"column":6},"end":{"line":45,"column":60}},"23":{"start":{"line":46,"column":6},"end":{"line":46,"column":12}},"24":{"start":{"line":48,"column":6},"end":{"line":48,"column":75}},"25":{"start":{"line":49,"column":6},"end":{"line":49,"column":12}},"26":{"start":{"line":52,"column":6},"end":{"line":52,"column":50}},"27":{"start":{"line":53,"column":6},"end":{"line":53,"column":12}},"28":{"start":{"line":55,"column":6},"end":{"line":55,"column":57}},"29":{"start":{"line":56,"column":6},"end":{"line":56,"column":12}},"30":{"start":{"line":58,"column":6},"end":{"line":58,"column":70}},"31":{"start":{"line":59,"column":6},"end":{"line":59,"column":12}},"32":{"start":{"line":62,"column":2},"end":{"line":62,"column":39}}},"fnMap":{"0":{"name":"(anonymous_0)","decl":{"start":{"line":1,"column":17},"end":{"line":1,"column":18}},"loc":{"start":{"line":1,"column":44},"end":{"line":64,"column":1}},"line":1},"1":{"name":"(anonymous_1)","decl":{"start":{"line":23,"column":34},"end":{"line":23,"column":35}},"loc":{"start":{"line":23,"column":42},"end":{"line":25,"column":7}},"line":23}},"branchMap":{"0":{"loc":{"start":{"line":10,"column":15},"end":{"line":10,"column":34}},"type":"binary-expr","locations":[{"start":{"line":10,"column":15},"end":{"line":10,"column":27}},{"start":{"line":10,"column":31},"end":{"line":10,"column":34}}],"line":10},"1":{"loc":{"start":{"line":11,"column":16},"end":{"line":11,"column":56}},"type":"binary-expr","locations":[{"start":{"line":11,"column":16},"end":{"line":11,"column":29}},{"start":{"line":11,"column":33},"end":{"line":11,"column":56}}],"line":11},"2":{"loc":{"start":{"line":13,"column":2},"end":{"line":60,"column":3}},"type":"switch","locations":[{"start":{"line":14,"column":4},"end":{"line":16,"column":12}},{"start":{"line":17,"column":4},"end":{"line":19,"column":12}},{"start":{"line":20,"column":4},"end":{"line":20,"column":36}},{"start":{"line":21,"column":4},"end":{"line":32,"column":12}},{"start":{"line":33,"column":4},"end":{"line":35,"column":12}},{"start":{"line":36,"column":4},"end":{"line":40,"column":12}},{"start":{"line":41,"column":4},"end":{"line":43,"column":12}},{"start":{"line":44,"column":4},"end":{"line":46,"column":12}},{"start":{"line":47,"column":4},"end":{"line":49,"column":12}},{"start":{"line":50,"column":4},"end":{"line":50,"column":29}},{"start":{"line":51,"column":4},"end":{"line":53,"column":12}},{"start":{"line":54,"column":4},"end":{"line":56,"column":12}},{"start":{"line":57,"column":4},"end":{"line":59,"column":12}}],"line":13},"3":{"loc":{"start":{"line":26,"column":6},"end":{"line":30,"column":7}},"type":"if","locations":[{"start":{"line":26,"column":6},"end":{"line":30,"column":7}},{"start":{"line":28,"column":13},"end":{"line":30,"column":7}}],"line":26}},"s":{"0":2,"1":11,"2":11,"3":11,"4":2,"5":2,"6":0,"7":0,"8":4,"9":4,"10":5,"11":4,"12":3,"13":1,"14":4,"15":4,"16":0,"17":0,"18":0,"19":0,"20":0,"21":0,"22":0,"23":0,"24":0,"25":0,"26":0,"27":0,"28":0,"29":0,"30":0,"31":0,"32":11},"f":{"0":11,"1":5},"b":{"0":[11,11],"1":[11,2],"2":[2,0,4,4,0,0,0,0,0,0,0,0,0],"3":[3,1]},"_coverageSchema":"1a1c01bbd47fc00a2c39e90264f33305004495a9","hash":"b8ee647a91b8e7186a979faaaf2640e3572f06d1"}
,"E:\\Radityo Prakoso\\Hacktiv8\\phase_2\\week3\\Iproj\\IP-HCK65\\server-ip-koso\\models\\index.js": {"path":"E:\\Radityo Prakoso\\Hacktiv8\\phase_2\\week3\\Iproj\\IP-HCK65\\server-ip-koso\\models\\index.js","statementMap":{"0":{"start":{"line":3,"column":11},"end":{"line":3,"column":24}},"1":{"start":{"line":4,"column":13},"end":{"line":4,"column":28}},"2":{"start":{"line":5,"column":18},"end":{"line":5,"column":38}},"3":{"start":{"line":6,"column":16},"end":{"line":6,"column":34}},"4":{"start":{"line":7,"column":17},"end":{"line":7,"column":42}},"5":{"start":{"line":8,"column":12},"end":{"line":8,"column":49}},"6":{"start":{"line":9,"column":15},"end":{"line":9,"column":65}},"7":{"start":{"line":10,"column":11},"end":{"line":10,"column":13}},"8":{"start":{"line":13,"column":0},"end":{"line":17,"column":1}},"9":{"start":{"line":14,"column":2},"end":{"line":14,"column":74}},"10":{"start":{"line":16,"column":2},"end":{"line":16,"column":87}},"11":{"start":{"line":19,"column":0},"end":{"line":32,"column":5}},"12":{"start":{"line":22,"column":4},"end":{"line":27,"column":6}},"13":{"start":{"line":30,"column":18},"end":{"line":30,"column":85}},"14":{"start":{"line":31,"column":4},"end":{"line":31,"column":27}},"15":{"start":{"line":34,"column":0},"end":{"line":38,"column":3}},"16":{"start":{"line":35,"column":2},"end":{"line":37,"column":3}},"17":{"start":{"line":36,"column":4},"end":{"line":36,"column":32}},"18":{"start":{"line":40,"column":0},"end":{"line":40,"column":25}},"19":{"start":{"line":41,"column":0},"end":{"line":41,"column":25}},"20":{"start":{"line":43,"column":0},"end":{"line":43,"column":20}}},"fnMap":{"0":{"name":"(anonymous_0)","decl":{"start":{"line":21,"column":10},"end":{"line":21,"column":11}},"loc":{"start":{"line":21,"column":18},"end":{"line":28,"column":3}},"line":21},"1":{"name":"(anonymous_1)","decl":{"start":{"line":29,"column":11},"end":{"line":29,"column":12}},"loc":{"start":{"line":29,"column":19},"end":{"line":32,"column":3}},"line":29},"2":{"name":"(anonymous_2)","decl":{"start":{"line":34,"column":24},"end":{"line":34,"column":25}},"loc":{"start":{"line":34,"column":37},"end":{"line":38,"column":1}},"line":34}},"branchMap":{"0":{"loc":{"start":{"line":8,"column":12},"end":{"line":8,"column":49}},"type":"binary-expr","locations":[{"start":{"line":8,"column":12},"end":{"line":8,"column":32}},{"start":{"line":8,"column":36},"end":{"line":8,"column":49}}],"line":8},"1":{"loc":{"start":{"line":13,"column":0},"end":{"line":17,"column":1}},"type":"if","locations":[{"start":{"line":13,"column":0},"end":{"line":17,"column":1}},{"start":{"line":15,"column":7},"end":{"line":17,"column":1}}],"line":13},"2":{"loc":{"start":{"line":23,"column":6},"end":{"line":26,"column":37}},"type":"binary-expr","locations":[{"start":{"line":23,"column":6},"end":{"line":23,"column":29}},{"start":{"line":24,"column":6},"end":{"line":24,"column":23}},{"start":{"line":25,"column":6},"end":{"line":25,"column":30}},{"start":{"line":26,"column":6},"end":{"line":26,"column":37}}],"line":23},"3":{"loc":{"start":{"line":35,"column":2},"end":{"line":37,"column":3}},"type":"if","locations":[{"start":{"line":35,"column":2},"end":{"line":37,"column":3}},{"start":{},"end":{}}],"line":35}},"s":{"0":2,"1":2,"2":2,"3":2,"4":2,"5":2,"6":2,"7":2,"8":2,"9":0,"10":2,"11":2,"12":8,"13":6,"14":6,"15":2,"16":6,"17":6,"18":2,"19":2,"20":2},"f":{"0":8,"1":6,"2":6},"b":{"0":[2,0],"1":[0,2],"2":[8,8,6,6],"3":[6,0]},"_coverageSchema":"1a1c01bbd47fc00a2c39e90264f33305004495a9","hash":"a9527b351cb31160441f10d6eb6882aed44c1727"}
,"E:\\Radityo Prakoso\\Hacktiv8\\phase_2\\week3\\Iproj\\IP-HCK65\\server-ip-koso\\models\\myanime.js": {"path":"E:\\Radityo Prakoso\\Hacktiv8\\phase_2\\week3\\Iproj\\IP-HCK65\\server-ip-koso\\models\\myanime.js","statementMap":{"0":{"start":{"line":2,"column":14},"end":{"line":2,"column":40}},"1":{"start":{"line":3,"column":18},"end":{"line":3,"column":38}},"2":{"start":{"line":4,"column":0},"end":{"line":224,"column":2}},"3":{"start":{"line":13,"column":6},"end":{"line":13,"column":63}},"4":{"start":{"line":16,"column":6},"end":{"line":35,"column":7}},"5":{"start":{"line":17,"column":44},"end":{"line":17,"column":51}},"6":{"start":{"line":18,"column":23},"end":{"line":18,"column":44}},"7":{"start":{"line":19,"column":23},"end":{"line":23,"column":10}},"8":{"start":{"line":24,"column":8},"end":{"line":24,"column":52}},"9":{"start":{"line":24,"column":23},"end":{"line":24,"column":52}},"10":{"start":{"line":25,"column":27},"end":{"line":25,"column":63}},"11":{"start":{"line":26,"column":8},"end":{"line":32,"column":10}},"12":{"start":{"line":34,"column":8},"end":{"line":34,"column":20}},"13":{"start":{"line":38,"column":6},"end":{"line":75,"column":7}},"14":{"start":{"line":39,"column":29},"end":{"line":42,"column":10}},"15":{"start":{"line":43,"column":22},"end":{"line":43,"column":46}},"16":{"start":{"line":45,"column":32},"end":{"line":49,"column":10}},"17":{"start":{"line":51,"column":26},"end":{"line":53,"column":10}},"18":{"start":{"line":52,"column":10},"end":{"line":52,"column":38}},"19":{"start":{"line":55,"column":8},"end":{"line":56,"column":79}},"20":{"start":{"line":56,"column":10},"end":{"line":56,"column":79}},"21":{"start":{"line":58,"column":23},"end":{"line":71,"column":10}},"22":{"start":{"line":72,"column":8},"end":{"line":72,"column":24}},"23":{"start":{"line":74,"column":8},"end":{"line":74,"column":20}},"24":{"start":{"line":78,"column":6},"end":{"line":115,"column":7}},"25":{"start":{"line":79,"column":47},"end":{"line":79,"column":54}},"26":{"start":{"line":80,"column":8},"end":{"line":84,"column":9}},"27":{"start":{"line":81,"column":10},"end":{"line":81,"column":33}},"28":{"start":{"line":83,"column":10},"end":{"line":83,"column":20}},"29":{"start":{"line":85,"column":8},"end":{"line":89,"column":9}},"30":{"start":{"line":86,"column":10},"end":{"line":86,"column":39}},"31":{"start":{"line":88,"column":10},"end":{"line":88,"column":22}},"32":{"start":{"line":90,"column":8},"end":{"line":94,"column":9}},"33":{"start":{"line":91,"column":10},"end":{"line":91,"column":45}},"34":{"start":{"line":93,"column":10},"end":{"line":93,"column":24}},"35":{"start":{"line":95,"column":8},"end":{"line":99,"column":9}},"36":{"start":{"line":96,"column":10},"end":{"line":96,"column":33}},"37":{"start":{"line":98,"column":10},"end":{"line":98,"column":20}},"38":{"start":{"line":103,"column":23},"end":{"line":103,"column":79}},"39":{"start":{"line":105,"column":24},"end":{"line":108,"column":10}},"40":{"start":{"line":110,"column":23},"end":{"line":110,"column":37}},"41":{"start":{"line":111,"column":8},"end":{"line":111,"column":48}},"42":{"start":{"line":111,"column":21},"end":{"line":111,"column":48}},"43":{"start":{"line":112,"column":8},"end":{"line":112,"column":22}},"44":{"start":{"line":114,"column":8},"end":{"line":114,"column":20}},"45":{"start":{"line":119,"column":6},"end":{"line":146,"column":7}},"46":{"start":{"line":120,"column":29},"end":{"line":123,"column":10}},"47":{"start":{"line":124,"column":22},"end":{"line":124,"column":46}},"48":{"start":{"line":126,"column":8},"end":{"line":126,"column":47}},"49":{"start":{"line":126,"column":20},"end":{"line":126,"column":47}},"50":{"start":{"line":129,"column":28},"end":{"line":141,"column":9}},"51":{"start":{"line":142,"column":8},"end":{"line":142,"column":27}},"52":{"start":{"line":145,"column":8},"end":{"line":145,"column":20}},"53":{"start":{"line":150,"column":6},"end":{"line":158,"column":7}},"54":{"start":{"line":151,"column":24},"end":{"line":151,"column":76}},"55":{"start":{"line":152,"column":8},"end":{"line":152,"column":31}},"56":{"start":{"line":153,"column":8},"end":{"line":153,"column":53}},"57":{"start":{"line":153,"column":24},"end":{"line":153,"column":53}},"58":{"start":{"line":154,"column":8},"end":{"line":154,"column":63}},"59":{"start":{"line":155,"column":8},"end":{"line":155,"column":25}},"60":{"start":{"line":157,"column":8},"end":{"line":157,"column":20}},"61":{"start":{"line":161,"column":2},"end":{"line":222,"column":4}},"62":{"start":{"line":223,"column":2},"end":{"line":223,"column":17}}},"fnMap":{"0":{"name":"(anonymous_0)","decl":{"start":{"line":4,"column":17},"end":{"line":4,"column":18}},"loc":{"start":{"line":4,"column":43},"end":{"line":224,"column":1}},"line":4},"1":{"name":"(anonymous_1)","decl":{"start":{"line":11,"column":4},"end":{"line":11,"column":5}},"loc":{"start":{"line":11,"column":29},"end":{"line":14,"column":5}},"line":11},"2":{"name":"(anonymous_2)","decl":{"start":{"line":15,"column":4},"end":{"line":15,"column":5}},"loc":{"start":{"line":15,"column":42},"end":{"line":36,"column":5}},"line":15},"3":{"name":"(anonymous_3)","decl":{"start":{"line":37,"column":4},"end":{"line":37,"column":5}},"loc":{"start":{"line":37,"column":37},"end":{"line":76,"column":5}},"line":37},"4":{"name":"(anonymous_4)","decl":{"start":{"line":51,"column":51},"end":{"line":51,"column":52}},"loc":{"start":{"line":51,"column":59},"end":{"line":53,"column":9}},"line":51},"5":{"name":"(anonymous_5)","decl":{"start":{"line":77,"column":4},"end":{"line":77,"column":5}},"loc":{"start":{"line":77,"column":36},"end":{"line":116,"column":5}},"line":77},"6":{"name":"(anonymous_6)","decl":{"start":{"line":118,"column":4},"end":{"line":118,"column":5}},"loc":{"start":{"line":118,"column":35},"end":{"line":147,"column":5}},"line":118},"7":{"name":"(anonymous_7)","decl":{"start":{"line":149,"column":4},"end":{"line":149,"column":5}},"loc":{"start":{"line":149,"column":40},"end":{"line":159,"column":5}},"line":149}},"branchMap":{"0":{"loc":{"start":{"line":17,"column":16},"end":{"line":17,"column":24}},"type":"default-arg","locations":[{"start":{"line":17,"column":23},"end":{"line":17,"column":24}}],"line":17},"1":{"loc":{"start":{"line":17,"column":26},"end":{"line":17,"column":39}},"type":"default-arg","locations":[{"start":{"line":17,"column":37},"end":{"line":17,"column":39}}],"line":17},"2":{"loc":{"start":{"line":24,"column":8},"end":{"line":24,"column":52}},"type":"if","locations":[{"start":{"line":24,"column":8},"end":{"line":24,"column":52}},{"start":{},"end":{}}],"line":24},"3":{"loc":{"start":{"line":55,"column":8},"end":{"line":56,"column":79}},"type":"if","locations":[{"start":{"line":55,"column":8},"end":{"line":56,"column":79}},{"start":{},"end":{}}],"line":55},"4":{"loc":{"start":{"line":80,"column":8},"end":{"line":84,"column":9}},"type":"if","locations":[{"start":{"line":80,"column":8},"end":{"line":84,"column":9}},{"start":{"line":82,"column":15},"end":{"line":84,"column":9}}],"line":80},"5":{"loc":{"start":{"line":85,"column":8},"end":{"line":89,"column":9}},"type":"if","locations":[{"start":{"line":85,"column":8},"end":{"line":89,"column":9}},{"start":{"line":87,"column":15},"end":{"line":89,"column":9}}],"line":85},"6":{"loc":{"start":{"line":90,"column":8},"end":{"line":94,"column":9}},"type":"if","locations":[{"start":{"line":90,"column":8},"end":{"line":94,"column":9}},{"start":{"line":92,"column":15},"end":{"line":94,"column":9}}],"line":90},"7":{"loc":{"start":{"line":95,"column":8},"end":{"line":99,"column":9}},"type":"if","locations":[{"start":{"line":95,"column":8},"end":{"line":99,"column":9}},{"start":{"line":97,"column":15},"end":{"line":99,"column":9}}],"line":95},"8":{"loc":{"start":{"line":111,"column":8},"end":{"line":111,"column":48}},"type":"if","locations":[{"start":{"line":111,"column":8},"end":{"line":111,"column":48}},{"start":{},"end":{}}],"line":111},"9":{"loc":{"start":{"line":126,"column":8},"end":{"line":126,"column":47}},"type":"if","locations":[{"start":{"line":126,"column":8},"end":{"line":126,"column":47}},{"start":{},"end":{}}],"line":126},"10":{"loc":{"start":{"line":153,"column":8},"end":{"line":153,"column":53}},"type":"if","locations":[{"start":{"line":153,"column":8},"end":{"line":153,"column":53}},{"start":{},"end":{}}],"line":153}},"s":{"0":2,"1":2,"2":2,"3":2,"4":0,"5":0,"6":0,"7":0,"8":0,"9":0,"10":0,"11":0,"12":0,"13":0,"14":0,"15":0,"16":0,"17":0,"18":0,"19":0,"20":0,"21":0,"22":0,"23":0,"24":0,"25":0,"26":0,"27":0,"28":0,"29":0,"30":0,"31":0,"32":0,"33":0,"34":0,"35":0,"36":0,"37":0,"38":0,"39":0,"40":0,"41":0,"42":0,"43":0,"44":0,"45":0,"46":0,"47":0,"48":0,"49":0,"50":0,"51":0,"52":0,"53":0,"54":0,"55":0,"56":0,"57":0,"58":0,"59":0,"60":0,"61":2,"62":2},"f":{"0":2,"1":2,"2":0,"3":0,"4":0,"5":0,"6":0,"7":0},"b":{"0":[0],"1":[0],"2":[0,0],"3":[0,0],"4":[0,0],"5":[0,0],"6":[0,0],"7":[0,0],"8":[0,0],"9":[0,0],"10":[0,0]},"_coverageSchema":"1a1c01bbd47fc00a2c39e90264f33305004495a9","hash":"d4e1a8178a2cf89bee90abf826509cb1a8efe132"}
,"E:\\Radityo Prakoso\\Hacktiv8\\phase_2\\week3\\Iproj\\IP-HCK65\\server-ip-koso\\models\\transaction.js": {"path":"E:\\Radityo Prakoso\\Hacktiv8\\phase_2\\week3\\Iproj\\IP-HCK65\\server-ip-koso\\models\\transaction.js","statementMap":{"0":{"start":{"line":2,"column":18},"end":{"line":2,"column":38}},"1":{"start":{"line":3,"column":0},"end":{"line":61,"column":2}},"2":{"start":{"line":12,"column":6},"end":{"line":12,"column":67}},"3":{"start":{"line":15,"column":2},"end":{"line":59,"column":4}},"4":{"start":{"line":60,"column":2},"end":{"line":60,"column":21}}},"fnMap":{"0":{"name":"(anonymous_0)","decl":{"start":{"line":3,"column":17},"end":{"line":3,"column":18}},"loc":{"start":{"line":3,"column":43},"end":{"line":61,"column":1}},"line":3},"1":{"name":"(anonymous_1)","decl":{"start":{"line":10,"column":4},"end":{"line":10,"column":5}},"loc":{"start":{"line":10,"column":29},"end":{"line":13,"column":5}},"line":10}},"branchMap":{},"s":{"0":2,"1":2,"2":2,"3":2,"4":2},"f":{"0":2,"1":2},"b":{},"_coverageSchema":"1a1c01bbd47fc00a2c39e90264f33305004495a9","hash":"8116b8d64bbca357a5ac1622169a42563cd52f87"}
,"E:\\Radityo Prakoso\\Hacktiv8\\phase_2\\week3\\Iproj\\IP-HCK65\\server-ip-koso\\models\\user.js": {"path":"E:\\Radityo Prakoso\\Hacktiv8\\phase_2\\week3\\Iproj\\IP-HCK65\\server-ip-koso\\models\\user.js","statementMap":{"0":{"start":{"line":2,"column":39},"end":{"line":2,"column":66}},"1":{"start":{"line":3,"column":15},"end":{"line":3,"column":35}},"2":{"start":{"line":4,"column":22},"end":{"line":4,"column":46}},"3":{"start":{"line":5,"column":18},"end":{"line":5,"column":38}},"4":{"start":{"line":6,"column":0},"end":{"line":177,"column":2}},"5":{"start":{"line":15,"column":6},"end":{"line":15,"column":61}},"6":{"start":{"line":16,"column":6},"end":{"line":16,"column":65}},"7":{"start":{"line":20,"column":6},"end":{"line":35,"column":7}},"8":{"start":{"line":21,"column":46},"end":{"line":21,"column":50}},"9":{"start":{"line":22,"column":26},"end":{"line":26,"column":10}},"10":{"start":{"line":27,"column":22},"end":{"line":31,"column":9}},"11":{"start":{"line":32,"column":8},"end":{"line":32,"column":23}},"12":{"start":{"line":34,"column":8},"end":{"line":34,"column":20}},"13":{"start":{"line":38,"column":6},"end":{"line":74,"column":7}},"14":{"start":{"line":39,"column":41},"end":{"line":39,"column":45}},"15":{"start":{"line":42,"column":8},"end":{"line":46,"column":9}},"16":{"start":{"line":43,"column":10},"end":{"line":45,"column":12}},"17":{"start":{"line":47,"column":8},"end":{"line":51,"column":9}},"18":{"start":{"line":48,"column":10},"end":{"line":50,"column":12}},"19":{"start":{"line":52,"column":8},"end":{"line":56,"column":11}},"20":{"start":{"line":58,"column":8},"end":{"line":62,"column":9}},"21":{"start":{"line":59,"column":10},"end":{"line":61,"column":12}},"22":{"start":{"line":63,"column":30},"end":{"line":63,"column":73}},"23":{"start":{"line":65,"column":8},"end":{"line":69,"column":9}},"24":{"start":{"line":66,"column":10},"end":{"line":68,"column":12}},"25":{"start":{"line":70,"column":29},"end":{"line":70,"column":72}},"26":{"start":{"line":71,"column":8},"end":{"line":71,"column":28}},"27":{"start":{"line":73,"column":8},"end":{"line":73,"column":20}},"28":{"start":{"line":77,"column":6},"end":{"line":83,"column":7}},"29":{"start":{"line":78,"column":23},"end":{"line":78,"column":46}},"30":{"start":{"line":79,"column":8},"end":{"line":79,"column":50}},"31":{"start":{"line":79,"column":23},"end":{"line":79,"column":50}},"32":{"start":{"line":80,"column":8},"end":{"line":80,"column":24}},"33":{"start":{"line":82,"column":8},"end":{"line":82,"column":20}},"34":{"start":{"line":86,"column":6},"end":{"line":105,"column":7}},"35":{"start":{"line":87,"column":46},"end":{"line":87,"column":50}},"36":{"start":{"line":89,"column":8},"end":{"line":89,"column":46}},"37":{"start":{"line":89,"column":23},"end":{"line":89,"column":46}},"38":{"start":{"line":90,"column":25},"end":{"line":90,"column":58}},"39":{"start":{"line":92,"column":8},"end":{"line":92,"column":50}},"40":{"start":{"line":92,"column":23},"end":{"line":92,"column":50}},"41":{"start":{"line":94,"column":28},"end":{"line":94,"column":44}},"42":{"start":{"line":96,"column":8},"end":{"line":96,"column":74}},"43":{"start":{"line":98,"column":30},"end":{"line":100,"column":10}},"44":{"start":{"line":102,"column":8},"end":{"line":102,"column":29}},"45":{"start":{"line":104,"column":8},"end":{"line":104,"column":20}},"46":{"start":{"line":108,"column":2},"end":{"line":175,"column":4}},"47":{"start":{"line":169,"column":10},"end":{"line":169,"column":56}},"48":{"start":{"line":176,"column":2},"end":{"line":176,"column":14}}},"fnMap":{"0":{"name":"(anonymous_0)","decl":{"start":{"line":6,"column":17},"end":{"line":6,"column":18}},"loc":{"start":{"line":6,"column":43},"end":{"line":177,"column":1}},"line":6},"1":{"name":"(anonymous_1)","decl":{"start":{"line":13,"column":4},"end":{"line":13,"column":5}},"loc":{"start":{"line":13,"column":29},"end":{"line":17,"column":5}},"line":13},"2":{"name":"(anonymous_2)","decl":{"start":{"line":19,"column":4},"end":{"line":19,"column":5}},"loc":{"start":{"line":19,"column":36},"end":{"line":36,"column":5}},"line":19},"3":{"name":"(anonymous_3)","decl":{"start":{"line":37,"column":4},"end":{"line":37,"column":5}},"loc":{"start":{"line":37,"column":29},"end":{"line":75,"column":5}},"line":37},"4":{"name":"(anonymous_4)","decl":{"start":{"line":76,"column":4},"end":{"line":76,"column":5}},"loc":{"start":{"line":76,"column":30},"end":{"line":84,"column":5}},"line":76},"5":{"name":"(anonymous_5)","decl":{"start":{"line":85,"column":4},"end":{"line":85,"column":5}},"loc":{"start":{"line":85,"column":46},"end":{"line":106,"column":5}},"line":85},"6":{"name":"(anonymous_6)","decl":{"start":{"line":168,"column":22},"end":{"line":168,"column":23}},"loc":{"start":{"line":168,"column":45},"end":{"line":170,"column":9}},"line":168}},"branchMap":{"0":{"loc":{"start":{"line":42,"column":8},"end":{"line":46,"column":9}},"type":"if","locations":[{"start":{"line":42,"column":8},"end":{"line":46,"column":9}},{"start":{},"end":{}}],"line":42},"1":{"loc":{"start":{"line":47,"column":8},"end":{"line":51,"column":9}},"type":"if","locations":[{"start":{"line":47,"column":8},"end":{"line":51,"column":9}},{"start":{},"end":{}}],"line":47},"2":{"loc":{"start":{"line":58,"column":8},"end":{"line":62,"column":9}},"type":"if","locations":[{"start":{"line":58,"column":8},"end":{"line":62,"column":9}},{"start":{},"end":{}}],"line":58},"3":{"loc":{"start":{"line":65,"column":8},"end":{"line":69,"column":9}},"type":"if","locations":[{"start":{"line":65,"column":8},"end":{"line":69,"column":9}},{"start":{},"end":{}}],"line":65},"4":{"loc":{"start":{"line":79,"column":8},"end":{"line":79,"column":50}},"type":"if","locations":[{"start":{"line":79,"column":8},"end":{"line":79,"column":50}},{"start":{},"end":{}}],"line":79},"5":{"loc":{"start":{"line":89,"column":8},"end":{"line":89,"column":46}},"type":"if","locations":[{"start":{"line":89,"column":8},"end":{"line":89,"column":46}},{"start":{},"end":{}}],"line":89},"6":{"loc":{"start":{"line":92,"column":8},"end":{"line":92,"column":50}},"type":"if","locations":[{"start":{"line":92,"column":8},"end":{"line":92,"column":50}},{"start":{},"end":{}}],"line":92}},"s":{"0":2,"1":2,"2":2,"3":2,"4":2,"5":2,"6":2,"7":6,"8":6,"9":6,"10":0,"11":0,"12":6,"13":5,"14":5,"15":5,"16":1,"17":4,"18":1,"19":3,"20":0,"21":0,"22":0,"23":0,"24":0,"25":0,"26":0,"27":5,"28":0,"29":0,"30":0,"31":0,"32":0,"33":0,"34":0,"35":0,"36":0,"37":0,"38":0,"39":0,"40":0,"41":0,"42":0,"43":0,"44":0,"45":0,"46":2,"47":2,"48":2},"f":{"0":2,"1":2,"2":6,"3":5,"4":0,"5":0,"6":2},"b":{"0":[1,4],"1":[1,3],"2":[0,0],"3":[0,0],"4":[0,0],"5":[0,0],"6":[0,0]},"_coverageSchema":"1a1c01bbd47fc00a2c39e90264f33305004495a9","hash":"afb00a24162653a03d99d1382402899db53e31a4"}
,"E:\\Radityo Prakoso\\Hacktiv8\\phase_2\\week3\\Iproj\\IP-HCK65\\server-ip-koso\\routers\\animes.js": {"path":"E:\\Radityo Prakoso\\Hacktiv8\\phase_2\\week3\\Iproj\\IP-HCK65\\server-ip-koso\\routers\\animes.js","statementMap":{"0":{"start":{"line":1,"column":16},"end":{"line":1,"column":34}},"1":{"start":{"line":2,"column":25},"end":{"line":2,"column":67}},"2":{"start":{"line":3,"column":15},"end":{"line":3,"column":31}},"3":{"start":{"line":5,"column":0},"end":{"line":5,"column":44}},"4":{"start":{"line":6,"column":0},"end":{"line":6,"column":46}},"5":{"start":{"line":8,"column":0},"end":{"line":8,"column":24}}},"fnMap":{},"branchMap":{},"s":{"0":2,"1":2,"2":2,"3":2,"4":2,"5":2},"f":{},"b":{},"_coverageSchema":"1a1c01bbd47fc00a2c39e90264f33305004495a9","hash":"2d72aae230a412220067e6e470235696567a8368"}
,"E:\\Radityo Prakoso\\Hacktiv8\\phase_2\\week3\\Iproj\\IP-HCK65\\server-ip-koso\\routers\\index.js": {"path":"E:\\Radityo Prakoso\\Hacktiv8\\phase_2\\week3\\Iproj\\IP-HCK65\\server-ip-koso\\routers\\index.js","statementMap":{"0":{"start":{"line":1,"column":16},"end":{"line":1,"column":34}},"1":{"start":{"line":2,"column":15},"end":{"line":2,"column":31}},"2":{"start":{"line":3,"column":13},"end":{"line":3,"column":30}},"3":{"start":{"line":4,"column":16},"end":{"line":4,"column":36}},"4":{"start":{"line":5,"column":15},"end":{"line":5,"column":34}},"5":{"start":{"line":7,"column":23},"end":{"line":7,"column":63}},"6":{"start":{"line":8,"column":25},"end":{"line":8,"column":67}},"7":{"start":{"line":10,"column":23},"end":{"line":10,"column":62}},"8":{"start":{"line":12,"column":0},"end":{"line":12,"column":42}},"9":{"start":{"line":13,"column":0},"end":{"line":13,"column":56}},"10":{"start":{"line":14,"column":0},"end":{"line":14,"column":44}},"11":{"start":{"line":15,"column":0},"end":{"line":15,"column":57}},"12":{"start":{"line":17,"column":0},"end":{"line":17,"column":39}},"13":{"start":{"line":18,"column":0},"end":{"line":18,"column":44}},"14":{"start":{"line":20,"column":0},"end":{"line":20,"column":42}},"15":{"start":{"line":22,"column":0},"end":{"line":22,"column":65}},"16":{"start":{"line":23,"column":0},"end":{"line":23,"column":66}},"17":{"start":{"line":25,"column":0},"end":{"line":25,"column":24}}},"fnMap":{},"branchMap":{},"s":{"0":2,"1":2,"2":2,"3":2,"4":2,"5":2,"6":2,"7":2,"8":2,"9":2,"10":2,"11":2,"12":2,"13":2,"14":2,"15":2,"16":2,"17":2},"f":{},"b":{},"_coverageSchema":"1a1c01bbd47fc00a2c39e90264f33305004495a9","hash":"238fdaa5cb165cf3df882b2c3201d9a0f45c748a"}
,"E:\\Radityo Prakoso\\Hacktiv8\\phase_2\\week3\\Iproj\\IP-HCK65\\server-ip-koso\\routers\\myanime.js": {"path":"E:\\Radityo Prakoso\\Hacktiv8\\phase_2\\week3\\Iproj\\IP-HCK65\\server-ip-koso\\routers\\myanime.js","statementMap":{"0":{"start":{"line":1,"column":16},"end":{"line":1,"column":34}},"1":{"start":{"line":2,"column":26},"end":{"line":2,"column":69}},"2":{"start":{"line":3,"column":16},"end":{"line":3,"column":32}},"3":{"start":{"line":5,"column":0},"end":{"line":5,"column":47}},"4":{"start":{"line":6,"column":0},"end":{"line":6,"column":54}},"5":{"start":{"line":7,"column":0},"end":{"line":7,"column":63}},"6":{"start":{"line":9,"column":0},"end":{"line":9,"column":25}}},"fnMap":{},"branchMap":{},"s":{"0":2,"1":2,"2":2,"3":2,"4":2,"5":2,"6":2},"f":{},"b":{},"_coverageSchema":"1a1c01bbd47fc00a2c39e90264f33305004495a9","hash":"bd32822bafb1495473f9ce2012d008579f38d611"}
,"E:\\Radityo Prakoso\\Hacktiv8\\phase_2\\week3\\Iproj\\IP-HCK65\\server-ip-koso\\routers\\user.js": {"path":"E:\\Radityo Prakoso\\Hacktiv8\\phase_2\\week3\\Iproj\\IP-HCK65\\server-ip-koso\\routers\\user.js","statementMap":{"0":{"start":{"line":1,"column":16},"end":{"line":1,"column":34}},"1":{"start":{"line":2,"column":23},"end":{"line":2,"column":63}},"2":{"start":{"line":3,"column":13},"end":{"line":3,"column":29}},"3":{"start":{"line":5,"column":0},"end":{"line":5,"column":36}},"4":{"start":{"line":6,"column":0},"end":{"line":6,"column":49}},"5":{"start":{"line":7,"column":0},"end":{"line":7,"column":41}},"6":{"start":{"line":9,"column":0},"end":{"line":9,"column":22}}},"fnMap":{},"branchMap":{},"s":{"0":2,"1":2,"2":2,"3":2,"4":2,"5":2,"6":2},"f":{},"b":{},"_coverageSchema":"1a1c01bbd47fc00a2c39e90264f33305004495a9","hash":"7ffff857a5b6931f4818e4c473077f9217189619"}
}
